#
# There is insufficient memory for the Java Runtime Environment to continue.
# Native memory allocation (malloc) failed to allocate 1669728 bytes for Chunk::new
# Possible reasons:
#   The system is out of physical RAM or swap space
#   The process is running with CompressedOops enabled, and the Java Heap may be blocking the growth of the native heap
# Possible solutions:
#   Reduce memory load on the system
#   Increase physical memory or swap space
#   Check if swap backing store is full
#   Decrease Java heap size (-Xmx/-Xms)
#   Decrease number of Java threads
#   Decrease Java thread stack sizes (-Xss)
#   Set larger code cache with -XX:ReservedCodeCacheSize=
#   JVM is running with Unscaled Compressed Oops mode in which the Java heap is
#     placed in the first 4GB address space. The Java Heap base address is the
#     maximum limit for the native heap growth. Please use -XX:HeapBaseMinAddress
#     to set the Java Heap base and to place the Java Heap above 4GB virtual address.
# This output file may be truncated or incomplete.
#
#  Out of Memory Error (arena.cpp:189), pid=3624, tid=2284
#
# JRE version: OpenJDK Runtime Environment Temurin-17.0.6+10 (17.0.6+10) (build 17.0.6+10)
# Java VM: OpenJDK 64-Bit Server VM Temurin-17.0.6+10 (17.0.6+10, mixed mode, tiered, compressed oops, compressed class ptrs, parallel gc, windows-amd64)
# No core dump will be written. Minidumps are not enabled by default on client versions of Windows
#

---------------  S U M M A R Y ------------

Command Line: --add-modules=ALL-SYSTEM --add-opens=java.base/java.util=ALL-UNNAMED --add-opens=java.base/java.lang=ALL-UNNAMED --add-opens=java.base/sun.nio.fs=ALL-UNNAMED -Declipse.application=org.eclipse.jdt.ls.core.id1 -Dosgi.bundles.defaultStartLevel=4 -Declipse.product=org.eclipse.jdt.ls.core.product -Djava.import.generatesMetadataFilesAtProjectRoot=false -Dfile.encoding=utf8 -XX:+UseParallelGC -XX:GCTimeRatio=4 -XX:AdaptiveSizePolicyWeight=90 -Dsun.zip.disableMemoryMapping=true -Xmx1G -Xms100m -Xlog:disable -javaagent:c:\Users\Yeshwanth C\.vscode\extensions\redhat.java-1.16.0-win32-x64\lombok\lombok-1.18.24.jar -XX:+HeapDumpOnOutOfMemoryError -XX:HeapDumpPath=c:\Users\Yeshwanth C\AppData\Roaming\Code\User\workspaceStorage\3cd495fc0028023cd6d975b24d42a50f\redhat.java c:\Users\Yeshwanth C\.vscode\extensions\redhat.java-1.16.0-win32-x64\server\plugins\org.eclipse.equinox.launcher_1.6.400.v20210924-0641.jar -configuration c:\Users\Yeshwanth C\AppData\Roaming\Code\User\globalStorage\redhat.java\1.16.0\config_win -data c:\Users\Yeshwanth C\AppData\Roaming\Code\User\workspaceStorage\3cd495fc0028023cd6d975b24d42a50f\redhat.java\jdt_ws

Host: AMD Ryzen 5 4600H with Radeon Graphics         , 12 cores, 7G,  Windows 11 , 64 bit Build 22621 (10.0.22621.1635)
Time: Sun May 14 12:51:22 2023 India Standard Time elapsed time: 2.345273 seconds (0d 0h 0m 2s)

---------------  T H R E A D  ---------------

Current thread (0x000001d22d2c1100):  JavaThread "C2 CompilerThread0" daemon [_thread_in_native, id=2284, stack(0x000000c35b600000,0x000000c35b700000)]


Current CompileTask:
C2:   2345 2626       4       org.objectweb.asm.ClassReader::readMethod (1066 bytes)

Stack: [0x000000c35b600000,0x000000c35b700000]
Native frames: (J=compiled Java code, j=interpreted, Vv=VM code, C=native code)
V  [jvm.dll+0x67741a]
V  [jvm.dll+0x834434]
V  [jvm.dll+0x835bde]
V  [jvm.dll+0x836243]
V  [jvm.dll+0x2457b5]
V  [jvm.dll+0xabafc]
V  [jvm.dll+0xac0cc]
V  [jvm.dll+0x3634e7]
V  [jvm.dll+0x32dda1]
V  [jvm.dll+0x32d24a]
V  [jvm.dll+0x2185f1]
V  [jvm.dll+0x217a11]
V  [jvm.dll+0x1a3d0d]
V  [jvm.dll+0x22742a]
V  [jvm.dll+0x225565]
V  [jvm.dll+0x7ea2cb]
V  [jvm.dll+0x7e483a]
V  [jvm.dll+0x6762c5]
C  [ucrtbase.dll+0x29363]
C  [KERNEL32.DLL+0x126ad]
C  [ntdll.dll+0x5a9f8]


---------------  P R O C E S S  ---------------

Threads class SMR info:
_java_thread_list=0x000001d2308465a0, length=21, elements={
0x000001d2178deee0, 0x000001d22d296020, 0x000001d22d298290, 0x000001d22b75c900,
0x000001d22b75d2c0, 0x000001d22b75e520, 0x000001d22d2bc870, 0x000001d22d2c1100,
0x000001d22d2c25b0, 0x000001d22d2c7280, 0x000001d22d3b5c10, 0x000001d22d588060,
0x000001d22fc939a0, 0x000001d22ee68a70, 0x000001d22ee69610, 0x000001d22fe5d550,
0x000001d22fe3ba30, 0x000001d22ff939d0, 0x000001d22b74adf0, 0x000001d22b74b2c0,
0x000001d22b74a920
}

Java Threads: ( => current thread )
  0x000001d2178deee0 JavaThread "main" [_thread_blocked, id=24220, stack(0x000000c35ad00000,0x000000c35ae00000)]
  0x000001d22d296020 JavaThread "Reference Handler" daemon [_thread_blocked, id=17404, stack(0x000000c35b000000,0x000000c35b100000)]
  0x000001d22d298290 JavaThread "Finalizer" daemon [_thread_blocked, id=1400, stack(0x000000c35b100000,0x000000c35b200000)]
  0x000001d22b75c900 JavaThread "Signal Dispatcher" daemon [_thread_blocked, id=5744, stack(0x000000c35b200000,0x000000c35b300000)]
  0x000001d22b75d2c0 JavaThread "Attach Listener" daemon [_thread_blocked, id=4768, stack(0x000000c35b300000,0x000000c35b400000)]
  0x000001d22b75e520 JavaThread "Service Thread" daemon [_thread_blocked, id=24744, stack(0x000000c35b400000,0x000000c35b500000)]
  0x000001d22d2bc870 JavaThread "Monitor Deflation Thread" daemon [_thread_blocked, id=5256, stack(0x000000c35b500000,0x000000c35b600000)]
=>0x000001d22d2c1100 JavaThread "C2 CompilerThread0" daemon [_thread_in_native, id=2284, stack(0x000000c35b600000,0x000000c35b700000)]
  0x000001d22d2c25b0 JavaThread "C1 CompilerThread0" daemon [_thread_blocked, id=25352, stack(0x000000c35b700000,0x000000c35b800000)]
  0x000001d22d2c7280 JavaThread "Sweeper thread" daemon [_thread_blocked, id=20408, stack(0x000000c35b800000,0x000000c35b900000)]
  0x000001d22d3b5c10 JavaThread "Common-Cleaner" daemon [_thread_blocked, id=3892, stack(0x000000c35b900000,0x000000c35ba00000)]
  0x000001d22d588060 JavaThread "Notification Thread" daemon [_thread_blocked, id=25144, stack(0x000000c35ba00000,0x000000c35bb00000)]
  0x000001d22fc939a0 JavaThread "Active Thread: Equinox Container: 42ecc70c-badb-4a9b-b92f-9c11b60329a3" [_thread_blocked, id=1468, stack(0x000000c35c200000,0x000000c35c300000)]
  0x000001d22ee68a70 JavaThread "Framework Event Dispatcher: Equinox Container: 42ecc70c-badb-4a9b-b92f-9c11b60329a3" daemon [_thread_blocked, id=22964, stack(0x000000c35c300000,0x000000c35c400000)]
  0x000001d22ee69610 JavaThread "Start Level: Equinox Container: 42ecc70c-badb-4a9b-b92f-9c11b60329a3" daemon [_thread_in_native, id=22140, stack(0x000000c35c400000,0x000000c35c500000)]
  0x000001d22fe5d550 JavaThread "SCR Component Actor" daemon [_thread_blocked, id=14340, stack(0x000000c35c500000,0x000000c35c600000)]
  0x000001d22fe3ba30 JavaThread "SCR Component Registry" daemon [_thread_blocked, id=9092, stack(0x000000c35c700000,0x000000c35c800000)]
  0x000001d22ff939d0 JavaThread "Worker-JM" [_thread_blocked, id=25496, stack(0x000000c35c800000,0x000000c35c900000)]
  0x000001d22b74adf0 JavaThread "Worker-0" [_thread_blocked, id=11900, stack(0x000000c35cb00000,0x000000c35cc00000)]
  0x000001d22b74b2c0 JavaThread "Worker-1" [_thread_blocked, id=25360, stack(0x000000c35cc00000,0x000000c35cd00000)]
  0x000001d22b74a920 JavaThread "Java indexing" daemon [_thread_blocked, id=12744, stack(0x000000c35cd00000,0x000000c35ce00000)]

Other Threads:
  0x000001d217997860 VMThread "VM Thread" [stack: 0x000000c35af00000,0x000000c35b000000] [id=20464]
  0x000001d22d5a34f0 WatcherThread [stack: 0x000000c35bb00000,0x000000c35bc00000] [id=7692]
  0x000001d2178f3fc0 GCTaskThread "GC Thread#0" [stack: 0x000000c35ae00000,0x000000c35af00000] [id=5292]
  0x000001d22ee2e360 GCTaskThread "GC Thread#1" [stack: 0x000000c35bc00000,0x000000c35bd00000] [id=15232]
  0x000001d22eb61390 GCTaskThread "GC Thread#2" [stack: 0x000000c35bd00000,0x000000c35be00000] [id=22932]
  0x000001d22ee2e610 GCTaskThread "GC Thread#3" [stack: 0x000000c35be00000,0x000000c35bf00000] [id=21428]
  0x000001d22ee2aaa0 GCTaskThread "GC Thread#4" [stack: 0x000000c35bf00000,0x000000c35c000000] [id=10476]
  0x000001d22ee2af60 GCTaskThread "GC Thread#5" [stack: 0x000000c35c000000,0x000000c35c100000] [id=15976]
  0x000001d22ee46f70 GCTaskThread "GC Thread#6" [stack: 0x000000c35c100000,0x000000c35c200000] [id=12516]
  0x000001d22ef058e0 GCTaskThread "GC Thread#7" [stack: 0x000000c35c600000,0x000000c35c700000] [id=16176]
  0x000001d22fed1f40 GCTaskThread "GC Thread#8" [stack: 0x000000c35c900000,0x000000c35ca00000] [id=22444]
  0x000001d22fed3210 GCTaskThread "GC Thread#9" [stack: 0x000000c35ca00000,0x000000c35cb00000] [id=24256]

Threads with active compile tasks:
C2 CompilerThread0     2357 2626       4       org.objectweb.asm.ClassReader::readMethod (1066 bytes)

VM state: not at safepoint (normal execution)

VM Mutex/Monitor currently owned by a thread: None

Heap address: 0x00000000c0000000, size: 1024 MB, Compressed Oops mode: 32-bit

CDS archive(s) not mapped
Compressed class space mapped at: 0x0000000100000000-0x0000000140000000, reserved size: 1073741824
Narrow klass base: 0x0000000000000000, Narrow klass shift: 3, Narrow klass range: 0x140000000

GC Precious Log:
 CPUs: 12 total, 12 available
 Memory: 7549M
 Large Page Support: Disabled
 NUMA Support: Disabled
 Compressed Oops: Enabled (32-bit)
 Alignments: Space 512K, Generation 512K, Heap 2M
 Heap Min Capacity: 100M
 Heap Initial Capacity: 100M
 Heap Max Capacity: 1G
 Pre-touch: Disabled
 Parallel Workers: 10

Heap:
 PSYoungGen      total 28160K, used 25371K [0x00000000eab00000, 0x00000000ecb00000, 0x0000000100000000)
  eden space 24576K, 88% used [0x00000000eab00000,0x00000000ec04ea38,0x00000000ec300000)
  from space 3584K, 99% used [0x00000000ec700000,0x00000000eca78470,0x00000000eca80000)
  to   space 4096K, 0% used [0x00000000ec300000,0x00000000ec300000,0x00000000ec700000)
 ParOldGen       total 68608K, used 8048K [0x00000000c0000000, 0x00000000c4300000, 0x00000000eab00000)
  object space 68608K, 11% used [0x00000000c0000000,0x00000000c07dc348,0x00000000c4300000)
 Metaspace       used 30343K, committed 30976K, reserved 1081344K
  class space    used 2981K, committed 3264K, reserved 1048576K

Card table byte_map: [0x000001d217280000,0x000001d217490000] _byte_map_base: 0x000001d216c80000

Marking Bits: (ParMarkBitMap*) 0x00007ff9f0f03e70
 Begin Bits: [0x000001d229560000, 0x000001d22a560000)
 End Bits:   [0x000001d22a560000, 0x000001d22b560000)

Polling page: 0x000001d215850000

Metaspace:

Usage:
  Non-class:     26.72 MB used.
      Class:      2.91 MB used.
       Both:     29.63 MB used.

Virtual space:
  Non-class space:       32.00 MB reserved,      27.06 MB ( 85%) committed,  4 nodes.
      Class space:        1.00 GB reserved,       3.19 MB ( <1%) committed,  1 nodes.
             Both:        1.03 GB reserved,      30.25 MB (  3%) committed. 

Chunk freelists:
   Non-Class:  744.00 KB
       Class:  742.00 KB
        Both:  1.45 MB

MaxMetaspaceSize: unlimited
CompressedClassSpaceSize: 1.00 GB
Initial GC threshold: 21.00 MB
Current GC threshold: 35.00 MB
CDS: off
MetaspaceReclaimPolicy: balanced
 - commit_granule_bytes: 65536.
 - commit_granule_words: 8192.
 - virtual_space_node_default_size: 1048576.
 - enlarge_chunks_in_place: 1.
 - new_chunks_are_fully_committed: 0.
 - uncommit_free_chunks: 1.
 - use_allocation_guard: 0.
 - handle_deallocations: 1.


Internal statistics:

num_allocs_failed_limit: 3.
num_arena_births: 254.
num_arena_deaths: 14.
num_vsnodes_births: 5.
num_vsnodes_deaths: 0.
num_space_committed: 484.
num_space_uncommitted: 0.
num_chunks_returned_to_freelist: 17.
num_chunks_taken_from_freelist: 1101.
num_chunk_merges: 7.
num_chunk_splits: 743.
num_chunks_enlarged: 521.
num_purges: 2.
num_inconsistent_stats: 0.

CodeHeap 'non-profiled nmethods': size=120000Kb used=991Kb max_used=991Kb free=119008Kb
 bounds [0x000001d222030000, 0x000001d2222a0000, 0x000001d229560000]
CodeHeap 'profiled nmethods': size=120000Kb used=5513Kb max_used=5513Kb free=114486Kb
 bounds [0x000001d21a560000, 0x000001d21aad0000, 0x000001d221a90000]
CodeHeap 'non-nmethods': size=5760Kb used=1242Kb max_used=1251Kb free=4517Kb
 bounds [0x000001d221a90000, 0x000001d221d00000, 0x000001d222030000]
 total_blobs=3291 nmethods=2733 adapters=472
 compilation: enabled
              stopped_count=0, restarted_count=0
 full_count=0

Compilation events (20 events):
Event: 2.302 Thread 0x000001d22d2c25b0 2716       3       java.util.HashSet::contains (9 bytes)
Event: 2.302 Thread 0x000001d22d2c25b0 nmethod 2716 0x000001d21aab6b90 code [0x000001d21aab6d40, 0x000001d21aab6f08]
Event: 2.302 Thread 0x000001d22d2c25b0 2715       3       java.lang.Character::toUpperCase (9 bytes)
Event: 2.303 Thread 0x000001d22d2c25b0 nmethod 2715 0x000001d21aab7010 code [0x000001d21aab71c0, 0x000001d21aab73b8]
Event: 2.311 Thread 0x000001d22d2c25b0 2717       3       sun.invoke.util.Wrapper::isSubwordOrInt (20 bytes)
Event: 2.311 Thread 0x000001d22d2c25b0 nmethod 2717 0x000001d21aab7490 code [0x000001d21aab7640, 0x000001d21aab7a58]
Event: 2.311 Thread 0x000001d22d2c25b0 2718       3       sun.invoke.util.Wrapper::isIntegral (23 bytes)
Event: 2.311 Thread 0x000001d22d2c25b0 nmethod 2718 0x000001d21aab7b90 code [0x000001d21aab7d40, 0x000001d21aab7f98]
Event: 2.311 Thread 0x000001d22d2c25b0 2719       3       sun.invoke.util.Wrapper::isNumeric (16 bytes)
Event: 2.311 Thread 0x000001d22d2c25b0 nmethod 2719 0x000001d21aab8090 code [0x000001d21aab8220, 0x000001d21aab8398]
Event: 2.317 Thread 0x000001d22d2c25b0 2722       3       java.security.MessageDigest$Delegate::engineUpdate (11 bytes)
Event: 2.318 Thread 0x000001d22d2c25b0 nmethod 2722 0x000001d21aab8410 code [0x000001d21aab85c0, 0x000001d21aab8788]
Event: 2.318 Thread 0x000001d22d2c25b0 2724       3       sun.security.provider.SHA::implCompress0 (506 bytes)
Event: 2.318 Thread 0x000001d22d2c25b0 nmethod 2724 0x000001d21aab8890 code [0x000001d21aab8aa0, 0x000001d21aab94a8]
Event: 2.318 Thread 0x000001d22d2c25b0 2723       3       java.lang.String::encode (48 bytes)
Event: 2.318 Thread 0x000001d22d2c25b0 nmethod 2723 0x000001d21aab9990 code [0x000001d21aab9b80, 0x000001d21aab9ed8]
Event: 2.318 Thread 0x000001d22d2c25b0 2725       3       sun.security.provider.SHA::implCompress (13 bytes)
Event: 2.318 Thread 0x000001d22d2c25b0 nmethod 2725 0x000001d21aaba010 code [0x000001d21aaba200, 0x000001d21aaba648]
Event: 2.318 Thread 0x000001d22d2c25b0 2726       3       sun.security.provider.SHA::implCompressCheck (27 bytes)
Event: 2.318 Thread 0x000001d22d2c25b0 nmethod 2726 0x000001d21aaba810 code [0x000001d21aaba9e0, 0x000001d21aabad98]

GC Heap History (14 events):
Event: 0.771 GC heap before
{Heap before GC invocations=1 (full 0):
 PSYoungGen      total 29696K, used 25600K [0x00000000eab00000, 0x00000000ecc00000, 0x0000000100000000)
  eden space 25600K, 100% used [0x00000000eab00000,0x00000000ec400000,0x00000000ec400000)
  from space 4096K, 0% used [0x00000000ec800000,0x00000000ec800000,0x00000000ecc00000)
  to   space 4096K, 0% used [0x00000000ec400000,0x00000000ec400000,0x00000000ec800000)
 ParOldGen       total 68608K, used 0K [0x00000000c0000000, 0x00000000c4300000, 0x00000000eab00000)
  object space 68608K, 0% used [0x00000000c0000000,0x00000000c0000000,0x00000000c4300000)
 Metaspace       used 11106K, committed 11328K, reserved 1064960K
  class space    used 1105K, committed 1216K, reserved 1048576K
}
Event: 0.780 GC heap after
{Heap after GC invocations=1 (full 0):
 PSYoungGen      total 29696K, used 3176K [0x00000000eab00000, 0x00000000ecc00000, 0x0000000100000000)
  eden space 25600K, 0% used [0x00000000eab00000,0x00000000eab00000,0x00000000ec400000)
  from space 4096K, 77% used [0x00000000ec400000,0x00000000ec71a208,0x00000000ec800000)
  to   space 4096K, 0% used [0x00000000ec800000,0x00000000ec800000,0x00000000ecc00000)
 ParOldGen       total 68608K, used 16K [0x00000000c0000000, 0x00000000c4300000, 0x00000000eab00000)
  object space 68608K, 0% used [0x00000000c0000000,0x00000000c0004000,0x00000000c4300000)
 Metaspace       used 11106K, committed 11328K, reserved 1064960K
  class space    used 1105K, committed 1216K, reserved 1048576K
}
Event: 1.257 GC heap before
{Heap before GC invocations=2 (full 0):
 PSYoungGen      total 29696K, used 28776K [0x00000000eab00000, 0x00000000ecc00000, 0x0000000100000000)
  eden space 25600K, 100% used [0x00000000eab00000,0x00000000ec400000,0x00000000ec400000)
  from space 4096K, 77% used [0x00000000ec400000,0x00000000ec71a208,0x00000000ec800000)
  to   space 4096K, 0% used [0x00000000ec800000,0x00000000ec800000,0x00000000ecc00000)
 ParOldGen       total 68608K, used 16K [0x00000000c0000000, 0x00000000c4300000, 0x00000000eab00000)
  object space 68608K, 0% used [0x00000000c0000000,0x00000000c0004000,0x00000000c4300000)
 Metaspace       used 14840K, committed 15168K, reserved 1064960K
  class space    used 1499K, committed 1664K, reserved 1048576K
}
Event: 1.263 GC heap after
{Heap after GC invocations=2 (full 0):
 PSYoungGen      total 29696K, used 4071K [0x00000000eab00000, 0x00000000ecc00000, 0x0000000100000000)
  eden space 25600K, 0% used [0x00000000eab00000,0x00000000eab00000,0x00000000ec400000)
  from space 4096K, 99% used [0x00000000ec800000,0x00000000ecbf9ec0,0x00000000ecc00000)
  to   space 4096K, 0% used [0x00000000ec400000,0x00000000ec400000,0x00000000ec800000)
 ParOldGen       total 68608K, used 1378K [0x00000000c0000000, 0x00000000c4300000, 0x00000000eab00000)
  object space 68608K, 2% used [0x00000000c0000000,0x00000000c0158850,0x00000000c4300000)
 Metaspace       used 14840K, committed 15168K, reserved 1064960K
  class space    used 1499K, committed 1664K, reserved 1048576K
}
Event: 1.583 GC heap before
{Heap before GC invocations=3 (full 0):
 PSYoungGen      total 29696K, used 29671K [0x00000000eab00000, 0x00000000ecc00000, 0x0000000100000000)
  eden space 25600K, 100% used [0x00000000eab00000,0x00000000ec400000,0x00000000ec400000)
  from space 4096K, 99% used [0x00000000ec800000,0x00000000ecbf9ec0,0x00000000ecc00000)
  to   space 4096K, 0% used [0x00000000ec400000,0x00000000ec400000,0x00000000ec800000)
 ParOldGen       total 68608K, used 1378K [0x00000000c0000000, 0x00000000c4300000, 0x00000000eab00000)
  object space 68608K, 2% used [0x00000000c0000000,0x00000000c0158850,0x00000000c4300000)
 Metaspace       used 19838K, committed 20288K, reserved 1073152K
  class space    used 2005K, committed 2240K, reserved 1048576K
}
Event: 1.588 GC heap after
{Heap after GC invocations=3 (full 0):
 PSYoungGen      total 29696K, used 4070K [0x00000000eab00000, 0x00000000ecc00000, 0x0000000100000000)
  eden space 25600K, 0% used [0x00000000eab00000,0x00000000eab00000,0x00000000ec400000)
  from space 4096K, 99% used [0x00000000ec400000,0x00000000ec7f9bd0,0x00000000ec800000)
  to   space 4096K, 0% used [0x00000000ec800000,0x00000000ec800000,0x00000000ecc00000)
 ParOldGen       total 68608K, used 3723K [0x00000000c0000000, 0x00000000c4300000, 0x00000000eab00000)
  object space 68608K, 5% used [0x00000000c0000000,0x00000000c03a2e30,0x00000000c4300000)
 Metaspace       used 19838K, committed 20288K, reserved 1073152K
  class space    used 2005K, committed 2240K, reserved 1048576K
}
Event: 1.675 GC heap before
{Heap before GC invocations=4 (full 0):
 PSYoungGen      total 29696K, used 11313K [0x00000000eab00000, 0x00000000ecc00000, 0x0000000100000000)
  eden space 25600K, 28% used [0x00000000eab00000,0x00000000eb212a18,0x00000000ec400000)
  from space 4096K, 99% used [0x00000000ec400000,0x00000000ec7f9bd0,0x00000000ec800000)
  to   space 4096K, 0% used [0x00000000ec800000,0x00000000ec800000,0x00000000ecc00000)
 ParOldGen       total 68608K, used 3723K [0x00000000c0000000, 0x00000000c4300000, 0x00000000eab00000)
  object space 68608K, 5% used [0x00000000c0000000,0x00000000c03a2e30,0x00000000c4300000)
 Metaspace       used 21063K, committed 21504K, reserved 1073152K
  class space    used 2130K, committed 2368K, reserved 1048576K
}
Event: 1.677 GC heap after
{Heap after GC invocations=4 (full 0):
 PSYoungGen      total 29696K, used 4093K [0x00000000eab00000, 0x00000000ecc00000, 0x0000000100000000)
  eden space 25600K, 0% used [0x00000000eab00000,0x00000000eab00000,0x00000000ec400000)
  from space 4096K, 99% used [0x00000000ec800000,0x00000000ecbff410,0x00000000ecc00000)
  to   space 4096K, 0% used [0x00000000ec400000,0x00000000ec400000,0x00000000ec800000)
 ParOldGen       total 68608K, used 4113K [0x00000000c0000000, 0x00000000c4300000, 0x00000000eab00000)
  object space 68608K, 5% used [0x00000000c0000000,0x00000000c0404430,0x00000000c4300000)
 Metaspace       used 21063K, committed 21504K, reserved 1073152K
  class space    used 2130K, committed 2368K, reserved 1048576K
}
Event: 1.677 GC heap before
{Heap before GC invocations=5 (full 1):
 PSYoungGen      total 29696K, used 4093K [0x00000000eab00000, 0x00000000ecc00000, 0x0000000100000000)
  eden space 25600K, 0% used [0x00000000eab00000,0x00000000eab00000,0x00000000ec400000)
  from space 4096K, 99% used [0x00000000ec800000,0x00000000ecbff410,0x00000000ecc00000)
  to   space 4096K, 0% used [0x00000000ec400000,0x00000000ec400000,0x00000000ec800000)
 ParOldGen       total 68608K, used 4113K [0x00000000c0000000, 0x00000000c4300000, 0x00000000eab00000)
  object space 68608K, 5% used [0x00000000c0000000,0x00000000c0404430,0x00000000c4300000)
 Metaspace       used 21063K, committed 21504K, reserved 1073152K
  class space    used 2130K, committed 2368K, reserved 1048576K
}
Event: 1.695 GC heap after
{Heap after GC invocations=5 (full 1):
 PSYoungGen      total 29696K, used 0K [0x00000000eab00000, 0x00000000ecc00000, 0x0000000100000000)
  eden space 25600K, 0% used [0x00000000eab00000,0x00000000eab00000,0x00000000ec400000)
  from space 4096K, 0% used [0x00000000ec800000,0x00000000ec800000,0x00000000ecc00000)
  to   space 4096K, 0% used [0x00000000ec400000,0x00000000ec400000,0x00000000ec800000)
 ParOldGen       total 68608K, used 8008K [0x00000000c0000000, 0x00000000c4300000, 0x00000000eab00000)
  object space 68608K, 11% used [0x00000000c0000000,0x00000000c07d2348,0x00000000c4300000)
 Metaspace       used 21049K, committed 21504K, reserved 1073152K
  class space    used 2126K, committed 2368K, reserved 1048576K
}
Event: 1.942 GC heap before
{Heap before GC invocations=6 (full 1):
 PSYoungGen      total 29696K, used 25600K [0x00000000eab00000, 0x00000000ecc00000, 0x0000000100000000)
  eden space 25600K, 100% used [0x00000000eab00000,0x00000000ec400000,0x00000000ec400000)
  from space 4096K, 0% used [0x00000000ec800000,0x00000000ec800000,0x00000000ecc00000)
  to   space 4096K, 0% used [0x00000000ec400000,0x00000000ec400000,0x00000000ec800000)
 ParOldGen       total 68608K, used 8008K [0x00000000c0000000, 0x00000000c4300000, 0x00000000eab00000)
  object space 68608K, 11% used [0x00000000c0000000,0x00000000c07d2348,0x00000000c4300000)
 Metaspace       used 24528K, committed 25088K, reserved 1073152K
  class space    used 2535K, committed 2816K, reserved 1048576K
}
Event: 1.944 GC heap after
{Heap after GC invocations=6 (full 1):
 PSYoungGen      total 27648K, used 2090K [0x00000000eab00000, 0x00000000eca80000, 0x0000000100000000)
  eden space 25088K, 0% used [0x00000000eab00000,0x00000000eab00000,0x00000000ec380000)
  from space 2560K, 81% used [0x00000000ec400000,0x00000000ec60a888,0x00000000ec680000)
  to   space 3584K, 0% used [0x00000000ec700000,0x00000000ec700000,0x00000000eca80000)
 ParOldGen       total 68608K, used 8016K [0x00000000c0000000, 0x00000000c4300000, 0x00000000eab00000)
  object space 68608K, 11% used [0x00000000c0000000,0x00000000c07d4348,0x00000000c4300000)
 Metaspace       used 24528K, committed 25088K, reserved 1073152K
  class space    used 2535K, committed 2816K, reserved 1048576K
}
Event: 2.172 GC heap before
{Heap before GC invocations=7 (full 1):
 PSYoungGen      total 27648K, used 27178K [0x00000000eab00000, 0x00000000eca80000, 0x0000000100000000)
  eden space 25088K, 100% used [0x00000000eab00000,0x00000000ec380000,0x00000000ec380000)
  from space 2560K, 81% used [0x00000000ec400000,0x00000000ec60a888,0x00000000ec680000)
  to   space 3584K, 0% used [0x00000000ec700000,0x00000000ec700000,0x00000000eca80000)
 ParOldGen       total 68608K, used 8016K [0x00000000c0000000, 0x00000000c4300000, 0x00000000eab00000)
  object space 68608K, 11% used [0x00000000c0000000,0x00000000c07d4348,0x00000000c4300000)
 Metaspace       used 27851K, committed 28416K, reserved 1081344K
  class space    used 2776K, committed 3072K, reserved 1048576K
}
Event: 2.174 GC heap after
{Heap after GC invocations=7 (full 1):
 PSYoungGen      total 28160K, used 3553K [0x00000000eab00000, 0x00000000ecb00000, 0x0000000100000000)
  eden space 24576K, 0% used [0x00000000eab00000,0x00000000eab00000,0x00000000ec300000)
  from space 3584K, 99% used [0x00000000ec700000,0x00000000eca78470,0x00000000eca80000)
  to   space 4096K, 0% used [0x00000000ec300000,0x00000000ec300000,0x00000000ec700000)
 ParOldGen       total 68608K, used 8048K [0x00000000c0000000, 0x00000000c4300000, 0x00000000eab00000)
  object space 68608K, 11% used [0x00000000c0000000,0x00000000c07dc348,0x00000000c4300000)
 Metaspace       used 27851K, committed 28416K, reserved 1081344K
  class space    used 2776K, committed 3072K, reserved 1048576K
}

Dll operation events (9 events):
Event: 0.013 Loaded shared library c:\Users\Yeshwanth C\.vscode\extensions\redhat.java-1.16.0-win32-x64\jre\17.0.6-win32-x86_64\bin\java.dll
Event: 0.130 Loaded shared library c:\Users\Yeshwanth C\.vscode\extensions\redhat.java-1.16.0-win32-x64\jre\17.0.6-win32-x86_64\bin\zip.dll
Event: 0.133 Loaded shared library C:\Users\Yeshwanth C\.vscode\extensions\redhat.java-1.16.0-win32-x64\jre\17.0.6-win32-x86_64\bin\instrument.dll
Event: 0.146 Loaded shared library C:\Users\Yeshwanth C\.vscode\extensions\redhat.java-1.16.0-win32-x64\jre\17.0.6-win32-x86_64\bin\net.dll
Event: 0.148 Loaded shared library C:\Users\Yeshwanth C\.vscode\extensions\redhat.java-1.16.0-win32-x64\jre\17.0.6-win32-x86_64\bin\nio.dll
Event: 0.153 Loaded shared library C:\Users\Yeshwanth C\.vscode\extensions\redhat.java-1.16.0-win32-x64\jre\17.0.6-win32-x86_64\bin\zip.dll
Event: 0.167 Loaded shared library C:\Users\Yeshwanth C\.vscode\extensions\redhat.java-1.16.0-win32-x64\jre\17.0.6-win32-x86_64\bin\jimage.dll
Event: 0.213 Loaded shared library c:\Users\Yeshwanth C\.vscode\extensions\redhat.java-1.16.0-win32-x64\jre\17.0.6-win32-x86_64\bin\verify.dll
Event: 1.173 Loaded shared library C:\Users\Yeshwanth C\AppData\Roaming\Code\User\globalStorage\redhat.java\1.16.0\config_win\org.eclipse.equinox.launcher\org.eclipse.equinox.launcher.win32.win32.x86_64_1.2.700.v20221108-1024\eclipse_11801.dll

Deoptimization events (20 events):
Event: 2.275 Thread 0x000001d22ee69610 DEOPT PACKING pc=0x000001d21a6aa31e sp=0x000000c35c4f8b10
Event: 2.275 Thread 0x000001d22ee69610 DEOPT UNPACKING pc=0x000001d221ae6e43 sp=0x000000c35c4f8008 mode 0
Event: 2.275 Thread 0x000001d22ee69610 DEOPT PACKING pc=0x000001d21a6aa31e sp=0x000000c35c4f8b10
Event: 2.275 Thread 0x000001d22ee69610 DEOPT UNPACKING pc=0x000001d221ae6e43 sp=0x000000c35c4f8008 mode 0
Event: 2.302 Thread 0x000001d22ee69610 Uncommon trap: trap_request=0xffffffc6 fr.pc=0x000001d2220a5078 relative=0x0000000000000938
Event: 2.302 Thread 0x000001d22ee69610 Uncommon trap: reason=bimorphic_or_optimized_type_check action=maybe_recompile pc=0x000001d2220a5078 method=java.util.HashMap.putVal(ILjava/lang/Object;Ljava/lang/Object;ZZ)Ljava/lang/Object; @ 56 c2
Event: 2.302 Thread 0x000001d22ee69610 DEOPT PACKING pc=0x000001d2220a5078 sp=0x000000c35c4fda30
Event: 2.302 Thread 0x000001d22ee69610 DEOPT UNPACKING pc=0x000001d221ae66a3 sp=0x000000c35c4fd988 mode 2
Event: 2.302 Thread 0x000001d22ee69610 Uncommon trap: trap_request=0xffffffc6 fr.pc=0x000001d2220a5078 relative=0x0000000000000938
Event: 2.302 Thread 0x000001d22ee69610 Uncommon trap: reason=bimorphic_or_optimized_type_check action=maybe_recompile pc=0x000001d2220a5078 method=java.util.HashMap.putVal(ILjava/lang/Object;Ljava/lang/Object;ZZ)Ljava/lang/Object; @ 56 c2
Event: 2.302 Thread 0x000001d22ee69610 DEOPT PACKING pc=0x000001d2220a5078 sp=0x000000c35c4fda30
Event: 2.302 Thread 0x000001d22ee69610 DEOPT UNPACKING pc=0x000001d221ae66a3 sp=0x000000c35c4fd988 mode 2
Event: 2.302 Thread 0x000001d22ee69610 Uncommon trap: trap_request=0xffffffc6 fr.pc=0x000001d2220a5078 relative=0x0000000000000938
Event: 2.302 Thread 0x000001d22ee69610 Uncommon trap: reason=bimorphic_or_optimized_type_check action=maybe_recompile pc=0x000001d2220a5078 method=java.util.HashMap.putVal(ILjava/lang/Object;Ljava/lang/Object;ZZ)Ljava/lang/Object; @ 56 c2
Event: 2.302 Thread 0x000001d22ee69610 DEOPT PACKING pc=0x000001d2220a5078 sp=0x000000c35c4fda30
Event: 2.302 Thread 0x000001d22ee69610 DEOPT UNPACKING pc=0x000001d221ae66a3 sp=0x000000c35c4fd988 mode 2
Event: 2.302 Thread 0x000001d22ee69610 Uncommon trap: trap_request=0xffffffc6 fr.pc=0x000001d2220a5078 relative=0x0000000000000938
Event: 2.302 Thread 0x000001d22ee69610 Uncommon trap: reason=bimorphic_or_optimized_type_check action=maybe_recompile pc=0x000001d2220a5078 method=java.util.HashMap.putVal(ILjava/lang/Object;Ljava/lang/Object;ZZ)Ljava/lang/Object; @ 56 c2
Event: 2.302 Thread 0x000001d22ee69610 DEOPT PACKING pc=0x000001d2220a5078 sp=0x000000c35c4fda30
Event: 2.302 Thread 0x000001d22ee69610 DEOPT UNPACKING pc=0x000001d221ae66a3 sp=0x000000c35c4fd988 mode 2

Classes unloaded (7 events):
Event: 1.680 Thread 0x000001d217997860 Unloading class 0x000000010021a400 'java/lang/invoke/LambdaForm$MH+0x000000010021a400'
Event: 1.680 Thread 0x000001d217997860 Unloading class 0x000000010021a000 'java/lang/invoke/LambdaForm$MH+0x000000010021a000'
Event: 1.680 Thread 0x000001d217997860 Unloading class 0x0000000100219c00 'java/lang/invoke/LambdaForm$MH+0x0000000100219c00'
Event: 1.680 Thread 0x000001d217997860 Unloading class 0x0000000100219400 'java/lang/invoke/LambdaForm$MH+0x0000000100219400'
Event: 1.680 Thread 0x000001d217997860 Unloading class 0x0000000100219000 'java/lang/invoke/LambdaForm$BMH+0x0000000100219000'
Event: 1.680 Thread 0x000001d217997860 Unloading class 0x0000000100218c00 'java/lang/invoke/LambdaForm$DMH+0x0000000100218c00'
Event: 1.680 Thread 0x000001d217997860 Unloading class 0x0000000100216000 'java/lang/invoke/LambdaForm$DMH+0x0000000100216000'

Classes redefined (0 events):
No events

Internal exceptions (20 events):
Event: 1.624 Thread 0x000001d22ee69610 Exception <a 'java/lang/NoSuchMethodError'{0x00000000eae5c590}: 'java.lang.Object java.lang.invoke.DirectMethodHandle$Holder.newInvokeSpecial(java.lang.Object, java.lang.Object, java.lang.Object, java.lang.Object, java.lang.Object)'> (0x00000000eae5c590) 
thrown [s\src\hotspot\share\interpreter\linkResolver.cpp, line 759]
Event: 1.672 Thread 0x000001d22ee69610 Exception <a 'java/lang/NoSuchMethodError'{0x00000000eb1a1eb0}: 'java.lang.Object java.lang.invoke.DirectMethodHandle$Holder.invokeSpecial(java.lang.Object, java.lang.Object, java.lang.Object, long, java.lang.Object)'> (0x00000000eb1a1eb0) 
thrown [s\src\hotspot\share\interpreter\linkResolver.cpp, line 759]
Event: 1.672 Thread 0x000001d22ee69610 Exception <a 'java/lang/NoSuchMethodError'{0x00000000eb1aa068}: 'java.lang.Object java.lang.invoke.DirectMethodHandle$Holder.newInvokeSpecial(java.lang.Object, java.lang.Object, java.lang.Object, long)'> (0x00000000eb1aa068) 
thrown [s\src\hotspot\share\interpreter\linkResolver.cpp, line 759]
Event: 1.673 Thread 0x000001d22ee69610 Exception <a 'java/lang/NoSuchMethodError'{0x00000000eb1ae8a8}: 'java.lang.Object java.lang.invoke.DirectMethodHandle$Holder.invokeSpecial(java.lang.Object, java.lang.Object, java.lang.Object, java.lang.Object, long)'> (0x00000000eb1ae8a8) 
thrown [s\src\hotspot\share\interpreter\linkResolver.cpp, line 759]
Event: 1.698 Thread 0x000001d22ee69610 Exception <a 'java/lang/NoSuchMethodError'{0x00000000eab21960}: 'int java.lang.invoke.DirectMethodHandle$Holder.invokeStaticInit(java.lang.Object, java.lang.Object, java.lang.Object)'> (0x00000000eab21960) 
thrown [s\src\hotspot\share\interpreter\linkResolver.cpp, line 759]
Event: 1.702 Thread 0x000001d22ee69610 Exception <a 'java/lang/IncompatibleClassChangeError'{0x00000000eab88458}: Found class java.lang.Object, but interface was expected> (0x00000000eab88458) 
thrown [s\src\hotspot\share\interpreter\linkResolver.cpp, line 826]
Event: 1.707 Thread 0x000001d22ee69610 Exception <a 'java/lang/NoSuchMethodError'{0x00000000eabaa7b0}: 'java.lang.Object java.lang.invoke.DirectMethodHandle$Holder.invokeSpecial(java.lang.Object, java.lang.Object, java.lang.Object, int, java.lang.Object, java.lang.Object)'> (0x00000000eabaa7b0) 
thrown [s\src\hotspot\share\interpreter\linkResolver.cpp, line 759]
Event: 1.708 Thread 0x000001d22ee69610 Exception <a 'java/lang/NoSuchMethodError'{0x00000000eabb2f38}: 'java.lang.Object java.lang.invoke.DirectMethodHandle$Holder.newInvokeSpecial(java.lang.Object, java.lang.Object, java.lang.Object, int, java.lang.Object)'> (0x00000000eabb2f38) 
thrown [s\src\hotspot\share\interpreter\linkResolver.cpp, line 759]
Event: 1.708 Thread 0x000001d22ee69610 Exception <a 'java/lang/NoSuchMethodError'{0x00000000eabb7390}: 'java.lang.Object java.lang.invoke.DirectMethodHandle$Holder.invokeSpecial(java.lang.Object, java.lang.Object, java.lang.Object, java.lang.Object, int, java.lang.Object)'> (0x00000000eabb7390) 
thrown [s\src\hotspot\share\interpreter\linkResolver.cpp, line 759]
Event: 1.709 Thread 0x000001d22b74adf0 Exception <a 'java/lang/NoSuchMethodError'{0x00000000eabf4dd8}: 'java.lang.Object java.lang.invoke.DirectMethodHandle$Holder.invokeSpecial(java.lang.Object, java.lang.Object, int, java.lang.Object, java.lang.Object)'> (0x00000000eabf4dd8) 
thrown [s\src\hotspot\share\interpreter\linkResolver.cpp, line 759]
Event: 1.710 Thread 0x000001d22b74adf0 Exception <a 'java/lang/NoSuchMethodError'{0x00000000eabfc4a8}: 'java.lang.Object java.lang.invoke.DirectMethodHandle$Holder.newInvokeSpecial(java.lang.Object, java.lang.Object, int, java.lang.Object)'> (0x00000000eabfc4a8) 
thrown [s\src\hotspot\share\interpreter\linkResolver.cpp, line 759]
Event: 1.710 Thread 0x000001d22b74adf0 Exception <a 'java/lang/NoSuchMethodError'{0x00000000eabfffb8}: 'java.lang.Object java.lang.invoke.DirectMethodHandle$Holder.invokeSpecial(java.lang.Object, java.lang.Object, java.lang.Object, int, java.lang.Object)'> (0x00000000eabfffb8) 
thrown [s\src\hotspot\share\interpreter\linkResolver.cpp, line 759]
Event: 1.801 Thread 0x000001d22ee69610 Exception <a 'java/io/FileNotFoundException'{0x00000000eb62ce98}> (0x00000000eb62ce98) 
thrown [s\src\hotspot\share\prims\jni.cpp, line 516]
Event: 1.860 Thread 0x000001d22ee69610 Exception <a 'java/lang/NoSuchMethodError'{0x00000000ebc70a20}: 'void java.lang.invoke.DirectMethodHandle$Holder.invokeSpecial(java.lang.Object, java.lang.Object, java.lang.Object, int)'> (0x00000000ebc70a20) 
thrown [s\src\hotspot\share\interpreter\linkResolver.cpp, line 759]
Event: 1.897 Thread 0x000001d22b74adf0 Exception <a 'java/io/FileNotFoundException'{0x00000000ebf49368}> (0x00000000ebf49368) 
thrown [s\src\hotspot\share\prims\jni.cpp, line 516]
Event: 2.272 Thread 0x000001d22ee69610 Exception <a 'java/lang/ClassNotFoundException'{0x00000000ebc295f0}: com/sun/org/apache/xerces/internal/impl/msg/spi/DOMMessagesProvider> (0x00000000ebc295f0) 
thrown [s\src\hotspot\share\classfile\systemDictionary.cpp, line 256]
Event: 2.274 Thread 0x000001d22ee69610 Exception <a 'java/lang/ClassNotFoundException'{0x00000000ebc4c730}: com/sun/org/apache/xerces/internal/impl/msg/spi/XMLSerializerMessagesProvider> (0x00000000ebc4c730) 
thrown [s\src\hotspot\share\classfile\systemDictionary.cpp, line 256]
Event: 2.274 Thread 0x000001d22ee69610 Exception <a 'java/lang/ClassNotFoundException'{0x00000000ebc599b8}: com/sun/org/apache/xerces/internal/impl/msg/spi/XMLMessagesProvider> (0x00000000ebc599b8) 
thrown [s\src\hotspot\share\classfile\systemDictionary.cpp, line 256]
Event: 2.284 Thread 0x000001d22ee69610 Exception <a 'java/lang/NoSuchMethodError'{0x00000000ebd14808}: 'void java.lang.invoke.DirectMethodHandle$Holder.invokeVirtual(java.lang.Object, java.lang.Object)'> (0x00000000ebd14808) 
thrown [s\src\hotspot\share\interpreter\linkResolver.cpp, line 759]
Event: 2.311 Thread 0x000001d22ee69610 Exception <a 'java/lang/NoSuchMethodError'{0x00000000ebf3a958}: 'java.lang.Object java.lang.invoke.DirectMethodHandle$Holder.invokeStaticInit(java.lang.Object, int, int, int, int)'> (0x00000000ebf3a958) 
thrown [s\src\hotspot\share\interpreter\linkResolver.cpp, line 759]

VM Operations (20 events):
Event: 1.457 Executing VM operation: HandshakeAllThreads
Event: 1.457 Executing VM operation: HandshakeAllThreads done
Event: 1.486 Executing VM operation: HandshakeAllThreads
Event: 1.486 Executing VM operation: HandshakeAllThreads done
Event: 1.488 Executing VM operation: HandshakeAllThreads
Event: 1.488 Executing VM operation: HandshakeAllThreads done
Event: 1.546 Executing VM operation: HandshakeAllThreads
Event: 1.547 Executing VM operation: HandshakeAllThreads done
Event: 1.582 Executing VM operation: ParallelGCFailedAllocation
Event: 1.588 Executing VM operation: ParallelGCFailedAllocation done
Event: 1.675 Executing VM operation: CollectForMetadataAllocation
Event: 1.695 Executing VM operation: CollectForMetadataAllocation done
Event: 1.716 Executing VM operation: HandshakeAllThreads
Event: 1.716 Executing VM operation: HandshakeAllThreads done
Event: 1.942 Executing VM operation: ParallelGCFailedAllocation
Event: 1.944 Executing VM operation: ParallelGCFailedAllocation done
Event: 2.172 Executing VM operation: ParallelGCFailedAllocation
Event: 2.174 Executing VM operation: ParallelGCFailedAllocation done
Event: 2.301 Executing VM operation: HandshakeAllThreads
Event: 2.301 Executing VM operation: HandshakeAllThreads done

Events (20 events):
Event: 2.321 loading class java/net/InetAddressImplFactory
Event: 2.321 loading class java/net/InetAddressImplFactory done
Event: 2.321 loading class java/net/Inet6AddressImpl
Event: 2.321 loading class java/net/InetAddressImpl
Event: 2.321 loading class java/net/InetAddressImpl done
Event: 2.321 loading class java/net/Inet6AddressImpl done
Event: 2.322 loading class java/net/InetAddress$PlatformNameService
Event: 2.322 loading class java/net/InetAddress$NameService
Event: 2.322 loading class java/net/InetAddress$NameService done
Event: 2.322 loading class java/net/InetAddress$PlatformNameService done
Event: 2.322 loading class java/net/Inet4Address
Event: 2.322 loading class java/net/Inet4Address done
Event: 2.322 loading class java/net/Inet6Address
Event: 2.322 loading class java/net/Inet6Address done
Event: 2.322 loading class java/net/Inet6Address$Inet6AddressHolder
Event: 2.322 loading class java/net/Inet6Address$Inet6AddressHolder done
Event: 2.322 loading class java/net/DefaultInterface
Event: 2.322 loading class java/net/DefaultInterface done
Event: 2.331 loading class java/net/NetworkInterface$1
Event: 2.331 loading class java/net/NetworkInterface$1 done


Dynamic libraries:
0x00007ff625770000 - 0x00007ff62577e000 	c:\Users\Yeshwanth C\.vscode\extensions\redhat.java-1.16.0-win32-x64\jre\17.0.6-win32-x86_64\bin\java.exe
0x00007ffa36270000 - 0x00007ffa36484000 	C:\WINDOWS\SYSTEM32\ntdll.dll
0x00007ffa34e70000 - 0x00007ffa34f32000 	C:\WINDOWS\System32\KERNEL32.DLL
0x00007ffa33ad0000 - 0x00007ffa33e73000 	C:\WINDOWS\System32\KERNELBASE.dll
0x00007ffa33730000 - 0x00007ffa33841000 	C:\WINDOWS\System32\ucrtbase.dll
0x00007ffa2da60000 - 0x00007ffa2da79000 	c:\Users\Yeshwanth C\.vscode\extensions\redhat.java-1.16.0-win32-x64\jre\17.0.6-win32-x86_64\bin\VCRUNTIME140.dll
0x00007ffa2dc80000 - 0x00007ffa2dc97000 	c:\Users\Yeshwanth C\.vscode\extensions\redhat.java-1.16.0-win32-x64\jre\17.0.6-win32-x86_64\bin\jli.dll
0x00007ffa340c0000 - 0x00007ffa3426b000 	C:\WINDOWS\System32\USER32.dll
0x00007ffa33aa0000 - 0x00007ffa33ac6000 	C:\WINDOWS\System32\win32u.dll
0x00007ffa22b60000 - 0x00007ffa22dee000 	C:\WINDOWS\WinSxS\amd64_microsoft.windows.common-controls_6595b64144ccf1df_6.0.22621.1635_none_270f70857386168e\COMCTL32.dll
0x00007ffa34810000 - 0x00007ffa34839000 	C:\WINDOWS\System32\GDI32.dll
0x00007ffa33850000 - 0x00007ffa33968000 	C:\WINDOWS\System32\gdi32full.dll
0x00007ffa350d0000 - 0x00007ffa35177000 	C:\WINDOWS\System32\msvcrt.dll
0x00007ffa33690000 - 0x00007ffa3372a000 	C:\WINDOWS\System32\msvcp_win.dll
0x00007ffa347d0000 - 0x00007ffa34801000 	C:\WINDOWS\System32\IMM32.DLL
0x00007ffa2ea00000 - 0x00007ffa2ea0c000 	c:\Users\Yeshwanth C\.vscode\extensions\redhat.java-1.16.0-win32-x64\jre\17.0.6-win32-x86_64\bin\vcruntime140_1.dll
0x00007ffa258a0000 - 0x00007ffa25931000 	c:\Users\Yeshwanth C\.vscode\extensions\redhat.java-1.16.0-win32-x64\jre\17.0.6-win32-x86_64\bin\msvcp140.dll
0x00007ff9f0380000 - 0x00007ff9f0fc7000 	c:\Users\Yeshwanth C\.vscode\extensions\redhat.java-1.16.0-win32-x64\jre\17.0.6-win32-x86_64\bin\server\jvm.dll
0x00007ffa34280000 - 0x00007ffa3432e000 	C:\WINDOWS\System32\ADVAPI32.dll
0x00007ffa34720000 - 0x00007ffa347c4000 	C:\WINDOWS\System32\sechost.dll
0x00007ffa35eb0000 - 0x00007ffa35fc7000 	C:\WINDOWS\System32\RPCRT4.dll
0x00007ffa2be20000 - 0x00007ffa2be54000 	C:\WINDOWS\SYSTEM32\WINMM.dll
0x00007ffa03f10000 - 0x00007ffa03f19000 	C:\WINDOWS\SYSTEM32\WSOCK32.dll
0x00007ffa35180000 - 0x00007ffa351f1000 	C:\WINDOWS\System32\WS2_32.dll
0x00007ffa2be10000 - 0x00007ffa2be1a000 	C:\WINDOWS\SYSTEM32\VERSION.dll
0x00007ffa326e0000 - 0x00007ffa326f8000 	C:\WINDOWS\SYSTEM32\kernel.appcore.dll
0x00007ffa2e7a0000 - 0x00007ffa2e7aa000 	c:\Users\Yeshwanth C\.vscode\extensions\redhat.java-1.16.0-win32-x64\jre\17.0.6-win32-x86_64\bin\jimage.dll
0x00007ffa31140000 - 0x00007ffa3136e000 	C:\WINDOWS\SYSTEM32\DBGHELP.DLL
0x00007ffa348a0000 - 0x00007ffa34c29000 	C:\WINDOWS\System32\combase.dll
0x00007ffa36150000 - 0x00007ffa36227000 	C:\WINDOWS\System32\OLEAUT32.dll
0x00007ffa184e0000 - 0x00007ffa18512000 	C:\WINDOWS\SYSTEM32\dbgcore.DLL
0x00007ffa33ff0000 - 0x00007ffa3406b000 	C:\WINDOWS\System32\bcryptPrimitives.dll
0x00007ffa2dc70000 - 0x00007ffa2dc7e000 	c:\Users\Yeshwanth C\.vscode\extensions\redhat.java-1.16.0-win32-x64\jre\17.0.6-win32-x86_64\bin\instrument.dll
0x00007ffa25870000 - 0x00007ffa25895000 	c:\Users\Yeshwanth C\.vscode\extensions\redhat.java-1.16.0-win32-x64\jre\17.0.6-win32-x86_64\bin\java.dll
0x00007ffa252b0000 - 0x00007ffa252c8000 	c:\Users\Yeshwanth C\.vscode\extensions\redhat.java-1.16.0-win32-x64\jre\17.0.6-win32-x86_64\bin\zip.dll
0x00007ffa35200000 - 0x00007ffa359fa000 	C:\WINDOWS\System32\SHELL32.dll
0x00007ffa31690000 - 0x00007ffa31f5e000 	C:\WINDOWS\SYSTEM32\windows.storage.dll
0x00007ffa31550000 - 0x00007ffa3168e000 	C:\WINDOWS\SYSTEM32\wintypes.dll
0x00007ffa34330000 - 0x00007ffa34421000 	C:\WINDOWS\System32\SHCORE.dll
0x00007ffa34840000 - 0x00007ffa3489e000 	C:\WINDOWS\System32\shlwapi.dll
0x00007ffa335c0000 - 0x00007ffa335e1000 	C:\WINDOWS\SYSTEM32\profapi.dll
0x00007ffa24dd0000 - 0x00007ffa24de9000 	C:\Users\Yeshwanth C\.vscode\extensions\redhat.java-1.16.0-win32-x64\jre\17.0.6-win32-x86_64\bin\net.dll
0x00007ffa2c060000 - 0x00007ffa2c197000 	C:\WINDOWS\SYSTEM32\WINHTTP.dll
0x00007ffa32b50000 - 0x00007ffa32bb9000 	C:\WINDOWS\system32\mswsock.dll
0x00007ffa24db0000 - 0x00007ffa24dc5000 	C:\Users\Yeshwanth C\.vscode\extensions\redhat.java-1.16.0-win32-x64\jre\17.0.6-win32-x86_64\bin\nio.dll
0x00007ffa2dc40000 - 0x00007ffa2dc50000 	c:\Users\Yeshwanth C\.vscode\extensions\redhat.java-1.16.0-win32-x64\jre\17.0.6-win32-x86_64\bin\verify.dll
0x00007ffa24ca0000 - 0x00007ffa24cde000 	C:\Users\Yeshwanth C\AppData\Roaming\Code\User\globalStorage\redhat.java\1.16.0\config_win\org.eclipse.equinox.launcher\org.eclipse.equinox.launcher.win32.win32.x86_64_1.2.700.v20221108-1024\eclipse_11801.dll
0x00007ffa34c30000 - 0x00007ffa34dcc000 	C:\WINDOWS\System32\ole32.dll
0x00007ffa32db0000 - 0x00007ffa32dcb000 	C:\WINDOWS\SYSTEM32\CRYPTSP.dll
0x00007ffa32650000 - 0x00007ffa32685000 	C:\WINDOWS\system32\rsaenh.dll
0x00007ffa32c50000 - 0x00007ffa32c78000 	C:\WINDOWS\SYSTEM32\USERENV.dll
0x00007ffa32fc0000 - 0x00007ffa32fe8000 	C:\WINDOWS\SYSTEM32\bcrypt.dll
0x00007ffa32dd0000 - 0x00007ffa32ddc000 	C:\WINDOWS\SYSTEM32\CRYPTBASE.dll
0x00007ffa321c0000 - 0x00007ffa321ed000 	C:\WINDOWS\SYSTEM32\IPHLPAPI.DLL
0x00007ffa34dd0000 - 0x00007ffa34dd9000 	C:\WINDOWS\System32\NSI.dll
0x00007ffa2c040000 - 0x00007ffa2c059000 	C:\WINDOWS\SYSTEM32\dhcpcsvc6.DLL
0x00007ffa2c020000 - 0x00007ffa2c03f000 	C:\WINDOWS\SYSTEM32\dhcpcsvc.DLL
0x00007ffa32230000 - 0x00007ffa32323000 	C:\WINDOWS\SYSTEM32\DNSAPI.dll

dbghelp: loaded successfully - version: 4.0.5 - missing functions: none
symbol engine: initialized successfully - sym options: 0x614 - pdb path: .;c:\Users\Yeshwanth C\.vscode\extensions\redhat.java-1.16.0-win32-x64\jre\17.0.6-win32-x86_64\bin;C:\WINDOWS\SYSTEM32;C:\WINDOWS\WinSxS\amd64_microsoft.windows.common-controls_6595b64144ccf1df_6.0.22621.1635_none_270f70857386168e;c:\Users\Yeshwanth C\.vscode\extensions\redhat.java-1.16.0-win32-x64\jre\17.0.6-win32-x86_64\bin\server;C:\Users\Yeshwanth C\AppData\Roaming\Code\User\globalStorage\redhat.java\1.16.0\config_win\org.eclipse.equinox.launcher\org.eclipse.equinox.launcher.win32.win32.x86_64_1.2.700.v20221108-1024

VM Arguments:
jvm_args: --add-modules=ALL-SYSTEM --add-opens=java.base/java.util=ALL-UNNAMED --add-opens=java.base/java.lang=ALL-UNNAMED --add-opens=java.base/sun.nio.fs=ALL-UNNAMED -Declipse.application=org.eclipse.jdt.ls.core.id1 -Dosgi.bundles.defaultStartLevel=4 -Declipse.product=org.eclipse.jdt.ls.core.product -Djava.import.generatesMetadataFilesAtProjectRoot=false -Dfile.encoding=utf8 -XX:+UseParallelGC -XX:GCTimeRatio=4 -XX:AdaptiveSizePolicyWeight=90 -Dsun.zip.disableMemoryMapping=true -Xmx1G -Xms100m -Xlog:disable -javaagent:c:\Users\Yeshwanth C\.vscode\extensions\redhat.java-1.16.0-win32-x64\lombok\lombok-1.18.24.jar -XX:+HeapDumpOnOutOfMemoryError -XX:HeapDumpPath=c:\Users\Yeshwanth C\AppData\Roaming\Code\User\workspaceStorage\3cd495fc0028023cd6d975b24d42a50f\redhat.java 
java_command: c:\Users\Yeshwanth C\.vscode\extensions\redhat.java-1.16.0-win32-x64\server\plugins\org.eclipse.equinox.launcher_1.6.400.v20210924-0641.jar -configuration c:\Users\Yeshwanth C\AppData\Roaming\Code\User\globalStorage\redhat.java\1.16.0\config_win -data c:\Users\Yeshwanth C\AppData\Roaming\Code\User\workspaceStorage\3cd495fc0028023cd6d975b24d42a50f\redhat.java\jdt_ws
java_class_path (initial): c:\Users\Yeshwanth C\.vscode\extensions\redhat.java-1.16.0-win32-x64\server\plugins\org.eclipse.equinox.launcher_1.6.400.v20210924-0641.jar
Launcher Type: SUN_STANDARD

[Global flags]
    uintx AdaptiveSizePolicyWeight                 = 90                                        {product} {command line}
     intx CICompilerCount                          = 4                                         {product} {ergonomic}
    uintx GCTimeRatio                              = 4                                         {product} {command line}
     bool HeapDumpOnOutOfMemoryError               = true                                   {manageable} {command line}
    ccstr HeapDumpPath                             = c:\Users\Yeshwanth C\AppData\Roaming\Code\User\workspaceStorage\3cd495fc0028023cd6d975b24d42a50f\redhat.java         {manageable} {command line}
   size_t InitialHeapSize                          = 104857600                                 {product} {command line}
   size_t MaxHeapSize                              = 1073741824                                {product} {command line}
   size_t MaxNewSize                               = 357564416                                 {product} {ergonomic}
   size_t MinHeapDeltaBytes                        = 524288                                    {product} {ergonomic}
   size_t MinHeapSize                              = 104857600                                 {product} {command line}
   size_t NewSize                                  = 34603008                                  {product} {ergonomic}
    uintx NonNMethodCodeHeapSize                   = 5839372                                {pd product} {ergonomic}
    uintx NonProfiledCodeHeapSize                  = 122909434                              {pd product} {ergonomic}
   size_t OldSize                                  = 70254592                                  {product} {ergonomic}
    uintx ProfiledCodeHeapSize                     = 122909434                              {pd product} {ergonomic}
    uintx ReservedCodeCacheSize                    = 251658240                              {pd product} {ergonomic}
     bool SegmentedCodeCache                       = true                                      {product} {ergonomic}
   size_t SoftMaxHeapSize                          = 1073741824                             {manageable} {ergonomic}
     bool UseCompressedClassPointers               = true                           {product lp64_product} {ergonomic}
     bool UseCompressedOops                        = true                           {product lp64_product} {ergonomic}
     bool UseLargePagesIndividualAllocation        = false                                  {pd product} {ergonomic}
     bool UseParallelGC                            = true                                      {product} {command line}

Logging:
Log output configuration:
 #0: stdout all=off uptime,level,tags
 #1: stderr all=off uptime,level,tags

Environment Variables:
PATH=C:\Program Files\Common Files\Oracle\Java\javapath;C:\ProgramData\Oracle\Java\javapath;C:\Windows\system32;C:\Windows;C:\Windows\System32\Wbem;C:\Windows\System32\WindowsPowerShell\v1.0\;C:\Windows\System32\OpenSSH\;C:\Program Files (x86)\NVIDIA Corporation\PhysX\Common;C:\Program Files\NVIDIA Corporation\NVIDIA NvDLISR;C:\WINDOWS\system32;C:\WINDOWS;C:\WINDOWS\System32\Wbem;C:\WINDOWS\System32\WindowsPowerShell\v1.0\;C:\WINDOWS\System32\OpenSSH\;C:\MinGW\bin;D:\Git\cmd;C:\Users\Yeshwanth C\AppData\Local\Programs\Python;C:\Program Files\MySQL\MySQL Server 8.0\bin;C:\Users\Yeshwanth C\AppData\Local\Programs\Python\Python310\Scripts\;C:\Users\Yeshwanth C\AppData\Local\Programs\Python\Python310\;C:\Users\Yeshwanth C\AppData\Local\Microsoft\WindowsApps;D:\Microsoft VS Code\bin;
USERNAME=Yeshwanth C
OS=Windows_NT
PROCESSOR_IDENTIFIER=AMD64 Family 23 Model 96 Stepping 1, AuthenticAMD
TMP=C:\Users\YESHWA~1\AppData\Local\Temp
TEMP=C:\Users\YESHWA~1\AppData\Local\Temp



---------------  S Y S T E M  ---------------

OS:
 Windows 11 , 64 bit Build 22621 (10.0.22621.1635)
OS uptime: 0 days 17:30 hours

CPU: total 12 (initial active 12) (12 cores per cpu, 2 threads per core) family 23 model 96 stepping 1 microcode 0x0, cx8, cmov, fxsr, ht, mmx, 3dnowpref, sse, sse2, sse3, ssse3, sse4a, sse4.1, sse4.2, popcnt, lzcnt, tsc, tscinvbit, avx, avx2, aes, clmul, bmi1, bmi2, adx, sha, fma, vzeroupper, clflush, clflushopt

Memory: 4k page, system-wide physical 7549M (174M free)
TotalPageFile size 31101M (AvailPageFile size 5M)
current process WorkingSet (physical memory assigned to process): 136M, peak: 136M
current process commit charge ("private bytes"): 250M, peak: 251M

vm_info: OpenJDK 64-Bit Server VM (17.0.6+10) for windows-amd64 JRE (17.0.6+10), built on Jan 18 2023 10:08:59 by "temurin" with MS VC++ 16.7 (VS2019)

END.
