#
# There is insufficient memory for the Java Runtime Environment to continue.
# Native memory allocation (malloc) failed to allocate 498256 bytes for Chunk::new
# Possible reasons:
#   The system is out of physical RAM or swap space
#   The process is running with CompressedOops enabled, and the Java Heap may be blocking the growth of the native heap
# Possible solutions:
#   Reduce memory load on the system
#   Increase physical memory or swap space
#   Check if swap backing store is full
#   Decrease Java heap size (-Xmx/-Xms)
#   Decrease number of Java threads
#   Decrease Java thread stack sizes (-Xss)
#   Set larger code cache with -XX:ReservedCodeCacheSize=
#   JVM is running with Unscaled Compressed Oops mode in which the Java heap is
#     placed in the first 4GB address space. The Java Heap base address is the
#     maximum limit for the native heap growth. Please use -XX:HeapBaseMinAddress
#     to set the Java Heap base and to place the Java Heap above 4GB virtual address.
# This output file may be truncated or incomplete.
#
#  Out of Memory Error (arena.cpp:189), pid=10440, tid=22148
#
# JRE version: OpenJDK Runtime Environment Temurin-17.0.6+10 (17.0.6+10) (build 17.0.6+10)
# Java VM: OpenJDK 64-Bit Server VM Temurin-17.0.6+10 (17.0.6+10, mixed mode, tiered, compressed oops, compressed class ptrs, parallel gc, windows-amd64)
# No core dump will be written. Minidumps are not enabled by default on client versions of Windows
#

---------------  S U M M A R Y ------------

Command Line: --add-modules=ALL-SYSTEM --add-opens=java.base/java.util=ALL-UNNAMED --add-opens=java.base/java.lang=ALL-UNNAMED --add-opens=java.base/sun.nio.fs=ALL-UNNAMED -Declipse.application=org.eclipse.jdt.ls.core.id1 -Dosgi.bundles.defaultStartLevel=4 -Declipse.product=org.eclipse.jdt.ls.core.product -Djava.import.generatesMetadataFilesAtProjectRoot=false -Dfile.encoding=utf8 -XX:+UseParallelGC -XX:GCTimeRatio=4 -XX:AdaptiveSizePolicyWeight=90 -Dsun.zip.disableMemoryMapping=true -Xmx1G -Xms100m -Xlog:disable -javaagent:c:\Users\Yeshwanth C\.vscode\extensions\redhat.java-1.16.0-win32-x64\lombok\lombok-1.18.24.jar -XX:+HeapDumpOnOutOfMemoryError -XX:HeapDumpPath=c:\Users\Yeshwanth C\AppData\Roaming\Code\User\workspaceStorage\3cd495fc0028023cd6d975b24d42a50f\redhat.java c:\Users\Yeshwanth C\.vscode\extensions\redhat.java-1.16.0-win32-x64\server\plugins\org.eclipse.equinox.launcher_1.6.400.v20210924-0641.jar -configuration c:\Users\Yeshwanth C\AppData\Roaming\Code\User\globalStorage\redhat.java\1.16.0\config_win -data c:\Users\Yeshwanth C\AppData\Roaming\Code\User\workspaceStorage\3cd495fc0028023cd6d975b24d42a50f\redhat.java\jdt_ws

Host: AMD Ryzen 5 4600H with Radeon Graphics         , 12 cores, 7G,  Windows 11 , 64 bit Build 22621 (10.0.22621.1635)
Time: Sun May 14 12:51:24 2023 India Standard Time elapsed time: 1.124044 seconds (0d 0h 0m 1s)

---------------  T H R E A D  ---------------

Current thread (0x00000150ad49f060):  JavaThread "C2 CompilerThread0" daemon [_thread_in_native, id=22148, stack(0x000000497b400000,0x000000497b500000)]


Current CompileTask:
C2:   1124 1398       4       java.io.WinNTFileSystem::normalize (143 bytes)

Stack: [0x000000497b400000,0x000000497b500000]
Native frames: (J=compiled Java code, j=interpreted, Vv=VM code, C=native code)
V  [jvm.dll+0x67741a]
V  [jvm.dll+0x834434]
V  [jvm.dll+0x835bde]
V  [jvm.dll+0x836243]
V  [jvm.dll+0x2457b5]
V  [jvm.dll+0xabafc]
V  [jvm.dll+0xac0cc]
V  [jvm.dll+0x363492]
V  [jvm.dll+0x1bbd68]
V  [jvm.dll+0x218749]
V  [jvm.dll+0x217a11]
V  [jvm.dll+0x1a3d0d]
V  [jvm.dll+0x22742a]
V  [jvm.dll+0x225565]
V  [jvm.dll+0x7ea2cb]
V  [jvm.dll+0x7e483a]
V  [jvm.dll+0x6762c5]
C  [ucrtbase.dll+0x29363]
C  [KERNEL32.DLL+0x126ad]
C  [ntdll.dll+0x5a9f8]


---------------  P R O C E S S  ---------------

Threads class SMR info:
_java_thread_list=0x00000150af116020, length=16, elements={
0x0000015097accfd0, 0x0000015097b8de00, 0x0000015097b8e8c0, 0x00000150ab94a650,
0x00000150ab94b110, 0x00000150ab94cda0, 0x00000150ab94e210, 0x00000150ad49f060,
0x00000150ad4a0100, 0x00000150ad4a27c0, 0x0000015097b2f100, 0x00000150ad76e840,
0x00000150aeed4db0, 0x00000150aeff9050, 0x00000150afd3ea00, 0x00000150af101340
}

Java Threads: ( => current thread )
  0x0000015097accfd0 JavaThread "main" [_thread_blocked, id=24900, stack(0x000000497ab00000,0x000000497ac00000)]
  0x0000015097b8de00 JavaThread "Reference Handler" daemon [_thread_blocked, id=20264, stack(0x000000497ae00000,0x000000497af00000)]
  0x0000015097b8e8c0 JavaThread "Finalizer" daemon [_thread_blocked, id=25220, stack(0x000000497af00000,0x000000497b000000)]
  0x00000150ab94a650 JavaThread "Signal Dispatcher" daemon [_thread_blocked, id=25200, stack(0x000000497b000000,0x000000497b100000)]
  0x00000150ab94b110 JavaThread "Attach Listener" daemon [_thread_blocked, id=24236, stack(0x000000497b100000,0x000000497b200000)]
  0x00000150ab94cda0 JavaThread "Service Thread" daemon [_thread_blocked, id=23392, stack(0x000000497b200000,0x000000497b300000)]
  0x00000150ab94e210 JavaThread "Monitor Deflation Thread" daemon [_thread_blocked, id=8140, stack(0x000000497b300000,0x000000497b400000)]
=>0x00000150ad49f060 JavaThread "C2 CompilerThread0" daemon [_thread_in_native, id=22148, stack(0x000000497b400000,0x000000497b500000)]
  0x00000150ad4a0100 JavaThread "C1 CompilerThread0" daemon [_thread_in_native, id=24916, stack(0x000000497b500000,0x000000497b600000)]
  0x00000150ad4a27c0 JavaThread "Sweeper thread" daemon [_thread_blocked, id=19436, stack(0x000000497b600000,0x000000497b700000)]
  0x0000015097b2f100 JavaThread "Common-Cleaner" daemon [_thread_blocked, id=25356, stack(0x000000497b700000,0x000000497b800000)]
  0x00000150ad76e840 JavaThread "Notification Thread" daemon [_thread_blocked, id=3932, stack(0x000000497b800000,0x000000497b900000)]
  0x00000150aeed4db0 JavaThread "Active Thread: Equinox Container: 9b0d7a6c-510f-4c40-a4d0-2b0e21bc1138" [_thread_blocked, id=17728, stack(0x000000497c000000,0x000000497c100000)]
  0x00000150aeff9050 JavaThread "Framework Event Dispatcher: Equinox Container: 9b0d7a6c-510f-4c40-a4d0-2b0e21bc1138" daemon [_thread_blocked, id=10308, stack(0x000000497c100000,0x000000497c200000)]
  0x00000150afd3ea00 JavaThread "Start Level: Equinox Container: 9b0d7a6c-510f-4c40-a4d0-2b0e21bc1138" daemon [_thread_in_vm, id=15144, stack(0x000000497c200000,0x000000497c300000)]
  0x00000150af101340 JavaThread "SCR Component Actor" daemon [_thread_blocked, id=19948, stack(0x000000497c300000,0x000000497c400000)]

Other Threads:
  0x00000150ad461fd0 VMThread "VM Thread" [stack: 0x000000497ad00000,0x000000497ae00000] [id=15412]
  0x00000150ad76ed10 WatcherThread [stack: 0x000000497b900000,0x000000497ba00000] [id=4380]
  0x0000015097ae2760 GCTaskThread "GC Thread#0" [stack: 0x000000497ac00000,0x000000497ad00000] [id=8568]
  0x00000150aef367a0 GCTaskThread "GC Thread#1" [stack: 0x000000497ba00000,0x000000497bb00000] [id=21120]
  0x00000150afd3f220 GCTaskThread "GC Thread#2" [stack: 0x000000497bb00000,0x000000497bc00000] [id=11880]
  0x00000150af1b1830 GCTaskThread "GC Thread#3" [stack: 0x000000497bc00000,0x000000497bd00000] [id=5020]
  0x00000150af1b1ae0 GCTaskThread "GC Thread#4" [stack: 0x000000497bd00000,0x000000497be00000] [id=5128]
  0x00000150af1b1d90 GCTaskThread "GC Thread#5" [stack: 0x000000497be00000,0x000000497bf00000] [id=23488]
  0x00000150af0db040 GCTaskThread "GC Thread#6" [stack: 0x000000497bf00000,0x000000497c000000] [id=25476]

Threads with active compile tasks:
C2 CompilerThread0     1136 1398       4       java.io.WinNTFileSystem::normalize (143 bytes)
C1 CompilerThread0     1136 1485       3       org.eclipse.osgi.internal.serviceregistry.FilteredServiceListener::serviceChanged (284 bytes)

VM state: not at safepoint (normal execution)

VM Mutex/Monitor currently owned by a thread: None

Heap address: 0x00000000c0000000, size: 1024 MB, Compressed Oops mode: 32-bit

CDS archive(s) not mapped
Compressed class space mapped at: 0x0000000100000000-0x0000000140000000, reserved size: 1073741824
Narrow klass base: 0x0000000000000000, Narrow klass shift: 3, Narrow klass range: 0x140000000

GC Precious Log:
 CPUs: 12 total, 12 available
 Memory: 7549M
 Large Page Support: Disabled
 NUMA Support: Disabled
 Compressed Oops: Enabled (32-bit)
 Alignments: Space 512K, Generation 512K, Heap 2M
 Heap Min Capacity: 100M
 Heap Initial Capacity: 100M
 Heap Max Capacity: 1G
 Pre-touch: Disabled
 Parallel Workers: 10

Heap:
 PSYoungGen      total 29696K, used 26290K [0x00000000eab00000, 0x00000000ecc00000, 0x0000000100000000)
  eden space 25600K, 90% used [0x00000000eab00000,0x00000000ec1925f8,0x00000000ec400000)
  from space 4096K, 77% used [0x00000000ec400000,0x00000000ec71a208,0x00000000ec800000)
  to   space 4096K, 0% used [0x00000000ec800000,0x00000000ec800000,0x00000000ecc00000)
 ParOldGen       total 68608K, used 16K [0x00000000c0000000, 0x00000000c4300000, 0x00000000eab00000)
  object space 68608K, 0% used [0x00000000c0000000,0x00000000c0004000,0x00000000c4300000)
 Metaspace       used 14184K, committed 14400K, reserved 1064960K
  class space    used 1411K, committed 1536K, reserved 1048576K

Card table byte_map: [0x0000015097470000,0x0000015097680000] _byte_map_base: 0x0000015096e70000

Marking Bits: (ParMarkBitMap*) 0x00007ff9f0f03e70
 Begin Bits: [0x00000150a9750000, 0x00000150aa750000)
 End Bits:   [0x00000150aa750000, 0x00000150ab750000)

Polling page: 0x0000015095a00000

Metaspace:

Usage:
  Non-class:     12.47 MB used.
      Class:      1.38 MB used.
       Both:     13.85 MB used.

Virtual space:
  Non-class space:       16.00 MB reserved,      12.56 MB ( 79%) committed,  2 nodes.
      Class space:        1.00 GB reserved,       1.50 MB ( <1%) committed,  1 nodes.
             Both:        1.02 GB reserved,      14.06 MB (  1%) committed. 

Chunk freelists:
   Non-Class:  2.94 MB
       Class:  2.40 MB
        Both:  5.34 MB

MaxMetaspaceSize: unlimited
CompressedClassSpaceSize: 1.00 GB
Initial GC threshold: 21.00 MB
Current GC threshold: 21.00 MB
CDS: off
MetaspaceReclaimPolicy: balanced
 - commit_granule_bytes: 65536.
 - commit_granule_words: 8192.
 - virtual_space_node_default_size: 1048576.
 - enlarge_chunks_in_place: 1.
 - new_chunks_are_fully_committed: 0.
 - uncommit_free_chunks: 1.
 - use_allocation_guard: 0.
 - handle_deallocations: 1.


Internal statistics:

num_allocs_failed_limit: 0.
num_arena_births: 64.
num_arena_deaths: 0.
num_vsnodes_births: 3.
num_vsnodes_deaths: 0.
num_space_committed: 225.
num_space_uncommitted: 0.
num_chunks_returned_to_freelist: 0.
num_chunks_taken_from_freelist: 258.
num_chunk_merges: 0.
num_chunk_splits: 175.
num_chunks_enlarged: 138.
num_purges: 0.
num_inconsistent_stats: 0.

CodeHeap 'non-profiled nmethods': size=120000Kb used=480Kb max_used=480Kb free=119520Kb
 bounds [0x00000150a2220000, 0x00000150a2490000, 0x00000150a9750000]
CodeHeap 'profiled nmethods': size=120000Kb used=2835Kb max_used=2835Kb free=117164Kb
 bounds [0x000001509a750000, 0x000001509aa20000, 0x00000150a1c80000]
CodeHeap 'non-nmethods': size=5760Kb used=1157Kb max_used=1174Kb free=4603Kb
 bounds [0x00000150a1c80000, 0x00000150a1ef0000, 0x00000150a2220000]
 total_blobs=1921 nmethods=1470 adapters=365
 compilation: enabled
              stopped_count=0, restarted_count=0
 full_count=0

Compilation events (20 events):
Event: 1.107 Thread 0x00000150ad4a0100 1449       3       java.lang.String::getBytes (44 bytes)
Event: 1.107 Thread 0x00000150ad4a0100 nmethod 1449 0x000001509a9f8990 code [0x000001509a9f8b60, 0x000001509a9f8e58]
Event: 1.111 Thread 0x00000150ad4a0100 1450       1       org.eclipse.osgi.internal.loader.EquinoxClassLoader::getBundleLoader (5 bytes)
Event: 1.111 Thread 0x00000150ad4a0100 nmethod 1450 0x00000150a2296510 code [0x00000150a22966a0, 0x00000150a2296778]
Event: 1.113 Thread 0x00000150ad4a0100 1451       3       java.util.Collections$EmptyList::iterator (4 bytes)
Event: 1.113 Thread 0x00000150ad4a0100 nmethod 1451 0x000001509a9f8f90 code [0x000001509a9f9120, 0x000001509a9f9298]
Event: 1.114 Thread 0x00000150ad4a0100 1452       1       org.eclipse.osgi.internal.hookregistry.ClassLoaderHook::preFindClass (2 bytes)
Event: 1.114 Thread 0x00000150ad4a0100 nmethod 1452 0x00000150a2296810 code [0x00000150a22969a0, 0x00000150a2296a78]
Event: 1.116 Thread 0x00000150ad4a0100 1453       3       org.eclipse.osgi.framework.eventmgr.CopyOnWriteIdentityMap$Snapshot$EntryIterator::next (5 bytes)
Event: 1.116 Thread 0x00000150ad4a0100 nmethod 1453 0x000001509a9f9390 code [0x000001509a9f9540, 0x000001509a9f96c8]
Event: 1.116 Thread 0x00000150ad4a0100 1454       3       org.eclipse.osgi.framework.eventmgr.CopyOnWriteIdentityMap$Snapshot$EntryIterator::next (5 bytes)
Event: 1.116 Thread 0x00000150ad4a0100 nmethod 1454 0x000001509a9f9790 code [0x000001509a9f9920, 0x000001509a9f9a68]
Event: 1.116 Thread 0x00000150ad4a0100 1455       1       org.eclipse.osgi.internal.hookregistry.HookRegistry::getClassLoaderHooks (5 bytes)
Event: 1.116 Thread 0x00000150ad4a0100 nmethod 1455 0x00000150a2296b10 code [0x00000150a2296ca0, 0x00000150a2296d78]
Event: 1.117 Thread 0x00000150ad4a0100 1456       3       java.util.Collections::emptyList (4 bytes)
Event: 1.117 Thread 0x00000150ad4a0100 nmethod 1456 0x000001509a9f9b10 code [0x000001509a9f9ca0, 0x000001509a9f9d98]
Event: 1.118 Thread 0x00000150ad4a0100 1457       3       org.eclipse.osgi.internal.framework.EquinoxBundle::getState (101 bytes)
Event: 1.119 Thread 0x00000150ad4a0100 nmethod 1457 0x000001509a9f9e10 code [0x000001509a9fa080, 0x000001509a9faa78]
Event: 1.119 Thread 0x00000150ad4a0100 1458   !   3       org.eclipse.osgi.internal.framework.EquinoxBundle::$SWITCH_TABLE$org$eclipse$osgi$container$Module$State (115 bytes)
Event: 1.119 Thread 0x00000150ad4a0100 nmethod 1458 0x000001509a9fae10 code [0x000001509a9fb000, 0x000001509a9fb568]

GC Heap History (2 events):
Event: 0.773 GC heap before
{Heap before GC invocations=1 (full 0):
 PSYoungGen      total 29696K, used 25600K [0x00000000eab00000, 0x00000000ecc00000, 0x0000000100000000)
  eden space 25600K, 100% used [0x00000000eab00000,0x00000000ec400000,0x00000000ec400000)
  from space 4096K, 0% used [0x00000000ec800000,0x00000000ec800000,0x00000000ecc00000)
  to   space 4096K, 0% used [0x00000000ec400000,0x00000000ec400000,0x00000000ec800000)
 ParOldGen       total 68608K, used 0K [0x00000000c0000000, 0x00000000c4300000, 0x00000000eab00000)
  object space 68608K, 0% used [0x00000000c0000000,0x00000000c0000000,0x00000000c4300000)
 Metaspace       used 11095K, committed 11328K, reserved 1064960K
  class space    used 1103K, committed 1216K, reserved 1048576K
}
Event: 0.778 GC heap after
{Heap after GC invocations=1 (full 0):
 PSYoungGen      total 29696K, used 3176K [0x00000000eab00000, 0x00000000ecc00000, 0x0000000100000000)
  eden space 25600K, 0% used [0x00000000eab00000,0x00000000eab00000,0x00000000ec400000)
  from space 4096K, 77% used [0x00000000ec400000,0x00000000ec71a208,0x00000000ec800000)
  to   space 4096K, 0% used [0x00000000ec800000,0x00000000ec800000,0x00000000ecc00000)
 ParOldGen       total 68608K, used 16K [0x00000000c0000000, 0x00000000c4300000, 0x00000000eab00000)
  object space 68608K, 0% used [0x00000000c0000000,0x00000000c0004000,0x00000000c4300000)
 Metaspace       used 11095K, committed 11328K, reserved 1064960K
  class space    used 1103K, committed 1216K, reserved 1048576K
}

Dll operation events (9 events):
Event: 0.038 Loaded shared library c:\Users\Yeshwanth C\.vscode\extensions\redhat.java-1.16.0-win32-x64\jre\17.0.6-win32-x86_64\bin\java.dll
Event: 0.227 Loaded shared library c:\Users\Yeshwanth C\.vscode\extensions\redhat.java-1.16.0-win32-x64\jre\17.0.6-win32-x86_64\bin\zip.dll
Event: 0.231 Loaded shared library C:\Users\Yeshwanth C\.vscode\extensions\redhat.java-1.16.0-win32-x64\jre\17.0.6-win32-x86_64\bin\instrument.dll
Event: 0.247 Loaded shared library C:\Users\Yeshwanth C\.vscode\extensions\redhat.java-1.16.0-win32-x64\jre\17.0.6-win32-x86_64\bin\net.dll
Event: 0.249 Loaded shared library C:\Users\Yeshwanth C\.vscode\extensions\redhat.java-1.16.0-win32-x64\jre\17.0.6-win32-x86_64\bin\nio.dll
Event: 0.256 Loaded shared library C:\Users\Yeshwanth C\.vscode\extensions\redhat.java-1.16.0-win32-x64\jre\17.0.6-win32-x86_64\bin\zip.dll
Event: 0.274 Loaded shared library C:\Users\Yeshwanth C\.vscode\extensions\redhat.java-1.16.0-win32-x64\jre\17.0.6-win32-x86_64\bin\jimage.dll
Event: 0.319 Loaded shared library c:\Users\Yeshwanth C\.vscode\extensions\redhat.java-1.16.0-win32-x64\jre\17.0.6-win32-x86_64\bin\verify.dll
Event: 1.090 Loaded shared library C:\Users\Yeshwanth C\AppData\Roaming\Code\User\globalStorage\redhat.java\1.16.0\config_win\org.eclipse.equinox.launcher\org.eclipse.equinox.launcher.win32.win32.x86_64_1.2.700.v20221108-1024\eclipse_11801.dll

Deoptimization events (20 events):
Event: 0.987 Thread 0x0000015097accfd0 Uncommon trap: trap_request=0xffffffde fr.pc=0x00000150a226a4e0 relative=0x00000000000009a0
Event: 0.987 Thread 0x0000015097accfd0 Uncommon trap: reason=class_check action=maybe_recompile pc=0x00000150a226a4e0 method=java.util.HashMap.putVal(ILjava/lang/Object;Ljava/lang/Object;ZZ)Ljava/lang/Object; @ 253 c2
Event: 0.987 Thread 0x0000015097accfd0 DEOPT PACKING pc=0x00000150a226a4e0 sp=0x000000497abfd940
Event: 0.987 Thread 0x0000015097accfd0 DEOPT UNPACKING pc=0x00000150a1cd66a3 sp=0x000000497abfd868 mode 2
Event: 0.989 Thread 0x0000015097accfd0 Uncommon trap: trap_request=0xffffffde fr.pc=0x00000150a226a4e0 relative=0x00000000000009a0
Event: 0.989 Thread 0x0000015097accfd0 Uncommon trap: reason=class_check action=maybe_recompile pc=0x00000150a226a4e0 method=java.util.HashMap.putVal(ILjava/lang/Object;Ljava/lang/Object;ZZ)Ljava/lang/Object; @ 253 c2
Event: 0.989 Thread 0x0000015097accfd0 DEOPT PACKING pc=0x00000150a226a4e0 sp=0x000000497abfd940
Event: 0.989 Thread 0x0000015097accfd0 DEOPT UNPACKING pc=0x00000150a1cd66a3 sp=0x000000497abfd868 mode 2
Event: 0.990 Thread 0x0000015097accfd0 Uncommon trap: trap_request=0xffffffde fr.pc=0x00000150a226a4e0 relative=0x00000000000009a0
Event: 0.990 Thread 0x0000015097accfd0 Uncommon trap: reason=class_check action=maybe_recompile pc=0x00000150a226a4e0 method=java.util.HashMap.putVal(ILjava/lang/Object;Ljava/lang/Object;ZZ)Ljava/lang/Object; @ 253 c2
Event: 0.990 Thread 0x0000015097accfd0 DEOPT PACKING pc=0x00000150a226a4e0 sp=0x000000497abfd840
Event: 0.990 Thread 0x0000015097accfd0 DEOPT UNPACKING pc=0x00000150a1cd66a3 sp=0x000000497abfd768 mode 2
Event: 0.991 Thread 0x0000015097accfd0 Uncommon trap: trap_request=0xffffffde fr.pc=0x00000150a226a4e0 relative=0x00000000000009a0
Event: 0.991 Thread 0x0000015097accfd0 Uncommon trap: reason=class_check action=maybe_recompile pc=0x00000150a226a4e0 method=java.util.HashMap.putVal(ILjava/lang/Object;Ljava/lang/Object;ZZ)Ljava/lang/Object; @ 253 c2
Event: 0.992 Thread 0x0000015097accfd0 DEOPT PACKING pc=0x00000150a226a4e0 sp=0x000000497abfd8c0
Event: 0.992 Thread 0x0000015097accfd0 DEOPT UNPACKING pc=0x00000150a1cd66a3 sp=0x000000497abfd7e8 mode 2
Event: 1.014 Thread 0x0000015097accfd0 DEOPT PACKING pc=0x000001509a838e00 sp=0x000000497abfc9c0
Event: 1.014 Thread 0x0000015097accfd0 DEOPT UNPACKING pc=0x00000150a1cd6e43 sp=0x000000497abfbe30 mode 0
Event: 1.016 Thread 0x0000015097accfd0 DEOPT PACKING pc=0x000001509a8528e1 sp=0x000000497abfc310
Event: 1.016 Thread 0x0000015097accfd0 DEOPT UNPACKING pc=0x00000150a1cd6e43 sp=0x000000497abfb798 mode 0

Classes unloaded (0 events):
No events

Classes redefined (0 events):
No events

Internal exceptions (20 events):
Event: 0.342 Thread 0x0000015097accfd0 Exception <a 'java/lang/reflect/InvocationTargetException'{0x00000000eaf88230}> (0x00000000eaf88230) 
thrown [s\src\hotspot\share\runtime\reflection.cpp, line 1121]
Event: 0.534 Thread 0x0000015097accfd0 Exception <a 'java/lang/ClassNotFoundException'{0x00000000eb79a1b8}: sun/net/www/protocol/c/Handler> (0x00000000eb79a1b8) 
thrown [s\src\hotspot\share\classfile\systemDictionary.cpp, line 256]
Event: 0.538 Thread 0x0000015097accfd0 Exception <a 'java/io/FileNotFoundException'{0x00000000eb7b5530}> (0x00000000eb7b5530) 
thrown [s\src\hotspot\share\prims\jni.cpp, line 516]
Event: 0.539 Thread 0x0000015097accfd0 Exception <a 'java/io/FileNotFoundException'{0x00000000eb7b6280}> (0x00000000eb7b6280) 
thrown [s\src\hotspot\share\prims\jni.cpp, line 516]
Event: 0.539 Thread 0x0000015097accfd0 Exception <a 'java/io/FileNotFoundException'{0x00000000eb7b6fb0}> (0x00000000eb7b6fb0) 
thrown [s\src\hotspot\share\prims\jni.cpp, line 516]
Event: 0.539 Thread 0x0000015097accfd0 Exception <a 'java/io/FileNotFoundException'{0x00000000eb7b7cb8}> (0x00000000eb7b7cb8) 
thrown [s\src\hotspot\share\prims\jni.cpp, line 516]
Event: 0.545 Thread 0x0000015097accfd0 Exception <a 'java/io/FileNotFoundException'{0x00000000eb7f8830}> (0x00000000eb7f8830) 
thrown [s\src\hotspot\share\prims\jni.cpp, line 516]
Event: 0.676 Thread 0x0000015097accfd0 Exception <a 'java/lang/ClassNotFoundException'{0x00000000ebffa488}: sun/net/www/protocol/c/Handler> (0x00000000ebffa488) 
thrown [s\src\hotspot\share\classfile\systemDictionary.cpp, line 256]
Event: 0.676 Thread 0x0000015097accfd0 Exception <a 'java/lang/ClassNotFoundException'{0x00000000ebffb938}: sun/net/www/protocol/d/Handler> (0x00000000ebffb938) 
thrown [s\src\hotspot\share\classfile\systemDictionary.cpp, line 256]
Event: 0.676 Thread 0x0000015097accfd0 Exception <a 'java/lang/ClassNotFoundException'{0x00000000ebffcce0}: sun/net/www/protocol/c/Handler> (0x00000000ebffcce0) 
thrown [s\src\hotspot\share\classfile\systemDictionary.cpp, line 256]
Event: 0.684 Thread 0x0000015097accfd0 Exception <a 'java/io/FileNotFoundException'{0x00000000ec023740}> (0x00000000ec023740) 
thrown [s\src\hotspot\share\prims\jni.cpp, line 516]
Event: 0.747 Thread 0x0000015097accfd0 Exception <a 'java/lang/NoSuchMethodError'{0x00000000ec2f4890}: 'int java.lang.invoke.DirectMethodHandle$Holder.invokeStaticInit(java.lang.Object, java.lang.Object, java.lang.Object, java.lang.Object)'> (0x00000000ec2f4890) 
thrown [s\src\hotspot\share\interpreter\linkResolver.cpp, line 759]
Event: 0.747 Thread 0x0000015097accfd0 Exception <a 'java/lang/NoSuchMethodError'{0x00000000ec2fef00}: 'java.lang.Object java.lang.invoke.DirectMethodHandle$Holder.invokeInterface(java.lang.Object, java.lang.Object)'> (0x00000000ec2fef00) 
thrown [s\src\hotspot\share\interpreter\linkResolver.cpp, line 759]
Event: 0.748 Thread 0x0000015097accfd0 Exception <a 'java/lang/IncompatibleClassChangeError'{0x00000000ec3026f8}: Found class java.lang.Object, but interface was expected> (0x00000000ec3026f8) 
thrown [s\src\hotspot\share\interpreter\linkResolver.cpp, line 826]
Event: 0.748 Thread 0x0000015097accfd0 Exception <a 'java/lang/NoSuchMethodError'{0x00000000ec306bf0}: 'void java.lang.invoke.DirectMethodHandle$Holder.invokeStatic(java.lang.Object, java.lang.Object)'> (0x00000000ec306bf0) 
thrown [s\src\hotspot\share\interpreter\linkResolver.cpp, line 759]
Event: 0.749 Thread 0x0000015097accfd0 Exception <a 'java/lang/NoSuchMethodError'{0x00000000ec30a3f0}: 'void java.lang.invoke.DirectMethodHandle$Holder.invokeStaticInit(java.lang.Object, java.lang.Object)'> (0x00000000ec30a3f0) 
thrown [s\src\hotspot\share\interpreter\linkResolver.cpp, line 759]
Event: 0.749 Thread 0x0000015097accfd0 Exception <a 'java/lang/NoSuchMethodError'{0x00000000ec3132f8}: 'int java.lang.invoke.DirectMethodHandle$Holder.invokeStaticInit(java.lang.Object, java.lang.Object)'> (0x00000000ec3132f8) 
thrown [s\src\hotspot\share\interpreter\linkResolver.cpp, line 759]
Event: 0.783 Thread 0x0000015097accfd0 Exception <a 'java/lang/NoSuchMethodError'{0x00000000eab55e68}: 'void java.lang.invoke.DirectMethodHandle$Holder.invokeSpecial(java.lang.Object, java.lang.Object, java.lang.Object)'> (0x00000000eab55e68) 
thrown [s\src\hotspot\share\interpreter\linkResolver.cpp, line 759]
Event: 0.974 Thread 0x0000015097accfd0 Exception <a 'java/lang/NoSuchMethodError'{0x00000000eb8b6a28}: 'java.lang.Object java.lang.invoke.DirectMethodHandle$Holder.newInvokeSpecial(java.lang.Object, int, java.lang.Object)'> (0x00000000eb8b6a28) 
thrown [s\src\hotspot\share\interpreter\linkResolver.cpp, line 759]
Event: 1.088 Thread 0x0000015097accfd0 Exception <a 'java/lang/UnsatisfiedLinkError'{0x00000000ebe39b38}: 'void org.eclipse.equinox.launcher.JNIBridge._update_splash()'> (0x00000000ebe39b38) 
thrown [s\src\hotspot\share\prims\nativeLookup.cpp, line 543]

VM Operations (18 events):
Event: 0.206 Executing VM operation: HandshakeAllThreads
Event: 0.206 Executing VM operation: HandshakeAllThreads done
Event: 0.289 Executing VM operation: HandshakeAllThreads
Event: 0.289 Executing VM operation: HandshakeAllThreads done
Event: 0.528 Executing VM operation: HandshakeAllThreads
Event: 0.528 Executing VM operation: HandshakeAllThreads done
Event: 0.766 Executing VM operation: ICBufferFull
Event: 0.766 Executing VM operation: ICBufferFull done
Event: 0.772 Executing VM operation: ParallelGCFailedAllocation
Event: 0.778 Executing VM operation: ParallelGCFailedAllocation done
Event: 0.954 Executing VM operation: HandshakeAllThreads
Event: 0.954 Executing VM operation: HandshakeAllThreads done
Event: 0.954 Executing VM operation: HandshakeAllThreads
Event: 0.954 Executing VM operation: HandshakeAllThreads done
Event: 0.959 Executing VM operation: HandshakeAllThreads
Event: 0.959 Executing VM operation: HandshakeAllThreads done
Event: 0.970 Executing VM operation: HandshakeAllThreads
Event: 0.970 Executing VM operation: HandshakeAllThreads done

Events (20 events):
Event: 1.040 loading class sun/nio/fs/WindowsChannelFactory$1 done
Event: 1.040 loading class sun/nio/fs/WindowsChannelFactory$Flags
Event: 1.040 loading class sun/nio/fs/WindowsChannelFactory$Flags done
Event: 1.040 loading class sun/nio/ch/FileChannelImpl$Closer
Event: 1.040 loading class sun/nio/ch/FileChannelImpl$Closer done
Event: 1.082 Thread 0x00000150aeff9050 Thread added: 0x00000150aeff9050
Event: 1.087 Thread 0x00000150afd3ea00 Thread added: 0x00000150afd3ea00
Event: 1.088 loading class java/util/concurrent/CountDownLatch
Event: 1.088 loading class java/util/concurrent/CountDownLatch done
Event: 1.088 loading class java/util/concurrent/CountDownLatch$Sync
Event: 1.089 loading class java/util/concurrent/CountDownLatch$Sync done
Event: 1.091 loading class java/util/concurrent/locks/AbstractQueuedSynchronizer$SharedNode
Event: 1.091 loading class java/util/concurrent/locks/AbstractQueuedSynchronizer$SharedNode done
Event: 1.108 loading class java/lang/IllegalAccessError
Event: 1.108 loading class java/lang/IllegalAccessError done
Event: 1.113 loading class java/util/TimerTask
Event: 1.113 loading class java/util/TimerTask done
Event: 1.117 Thread 0x00000150af101340 Thread added: 0x00000150af101340
Event: 1.120 loading class java/util/MissingResourceException
Event: 1.120 loading class java/util/MissingResourceException done


Dynamic libraries:
0x00007ff625770000 - 0x00007ff62577e000 	c:\Users\Yeshwanth C\.vscode\extensions\redhat.java-1.16.0-win32-x64\jre\17.0.6-win32-x86_64\bin\java.exe
0x00007ffa36270000 - 0x00007ffa36484000 	C:\WINDOWS\SYSTEM32\ntdll.dll
0x00007ffa34e70000 - 0x00007ffa34f32000 	C:\WINDOWS\System32\KERNEL32.DLL
0x00007ffa33ad0000 - 0x00007ffa33e73000 	C:\WINDOWS\System32\KERNELBASE.dll
0x00007ffa33730000 - 0x00007ffa33841000 	C:\WINDOWS\System32\ucrtbase.dll
0x00007ffa2da60000 - 0x00007ffa2da79000 	c:\Users\Yeshwanth C\.vscode\extensions\redhat.java-1.16.0-win32-x64\jre\17.0.6-win32-x86_64\bin\VCRUNTIME140.dll
0x00007ffa2dc80000 - 0x00007ffa2dc97000 	c:\Users\Yeshwanth C\.vscode\extensions\redhat.java-1.16.0-win32-x64\jre\17.0.6-win32-x86_64\bin\jli.dll
0x00007ffa340c0000 - 0x00007ffa3426b000 	C:\WINDOWS\System32\USER32.dll
0x00007ffa33aa0000 - 0x00007ffa33ac6000 	C:\WINDOWS\System32\win32u.dll
0x00007ffa34810000 - 0x00007ffa34839000 	C:\WINDOWS\System32\GDI32.dll
0x00007ffa33850000 - 0x00007ffa33968000 	C:\WINDOWS\System32\gdi32full.dll
0x00007ffa33690000 - 0x00007ffa3372a000 	C:\WINDOWS\System32\msvcp_win.dll
0x00007ffa22b60000 - 0x00007ffa22dee000 	C:\WINDOWS\WinSxS\amd64_microsoft.windows.common-controls_6595b64144ccf1df_6.0.22621.1635_none_270f70857386168e\COMCTL32.dll
0x00007ffa350d0000 - 0x00007ffa35177000 	C:\WINDOWS\System32\msvcrt.dll
0x00007ffa347d0000 - 0x00007ffa34801000 	C:\WINDOWS\System32\IMM32.DLL
0x00007ffa2ea00000 - 0x00007ffa2ea0c000 	c:\Users\Yeshwanth C\.vscode\extensions\redhat.java-1.16.0-win32-x64\jre\17.0.6-win32-x86_64\bin\vcruntime140_1.dll
0x00007ffa258a0000 - 0x00007ffa25931000 	c:\Users\Yeshwanth C\.vscode\extensions\redhat.java-1.16.0-win32-x64\jre\17.0.6-win32-x86_64\bin\msvcp140.dll
0x00007ff9f0380000 - 0x00007ff9f0fc7000 	c:\Users\Yeshwanth C\.vscode\extensions\redhat.java-1.16.0-win32-x64\jre\17.0.6-win32-x86_64\bin\server\jvm.dll
0x00007ffa34280000 - 0x00007ffa3432e000 	C:\WINDOWS\System32\ADVAPI32.dll
0x00007ffa34720000 - 0x00007ffa347c4000 	C:\WINDOWS\System32\sechost.dll
0x00007ffa35eb0000 - 0x00007ffa35fc7000 	C:\WINDOWS\System32\RPCRT4.dll
0x00007ffa03f10000 - 0x00007ffa03f19000 	C:\WINDOWS\SYSTEM32\WSOCK32.dll
0x00007ffa35180000 - 0x00007ffa351f1000 	C:\WINDOWS\System32\WS2_32.dll
0x00007ffa2be10000 - 0x00007ffa2be1a000 	C:\WINDOWS\SYSTEM32\VERSION.dll
0x00007ffa2be20000 - 0x00007ffa2be54000 	C:\WINDOWS\SYSTEM32\WINMM.dll
0x00007ffa326e0000 - 0x00007ffa326f8000 	C:\WINDOWS\SYSTEM32\kernel.appcore.dll
0x00007ffa2e7a0000 - 0x00007ffa2e7aa000 	c:\Users\Yeshwanth C\.vscode\extensions\redhat.java-1.16.0-win32-x64\jre\17.0.6-win32-x86_64\bin\jimage.dll
0x00007ffa31140000 - 0x00007ffa3136e000 	C:\WINDOWS\SYSTEM32\DBGHELP.DLL
0x00007ffa348a0000 - 0x00007ffa34c29000 	C:\WINDOWS\System32\combase.dll
0x00007ffa36150000 - 0x00007ffa36227000 	C:\WINDOWS\System32\OLEAUT32.dll
0x00007ffa184e0000 - 0x00007ffa18512000 	C:\WINDOWS\SYSTEM32\dbgcore.DLL
0x00007ffa33ff0000 - 0x00007ffa3406b000 	C:\WINDOWS\System32\bcryptPrimitives.dll
0x00007ffa2dc70000 - 0x00007ffa2dc7e000 	c:\Users\Yeshwanth C\.vscode\extensions\redhat.java-1.16.0-win32-x64\jre\17.0.6-win32-x86_64\bin\instrument.dll
0x00007ffa25870000 - 0x00007ffa25895000 	c:\Users\Yeshwanth C\.vscode\extensions\redhat.java-1.16.0-win32-x64\jre\17.0.6-win32-x86_64\bin\java.dll
0x00007ffa252b0000 - 0x00007ffa252c8000 	c:\Users\Yeshwanth C\.vscode\extensions\redhat.java-1.16.0-win32-x64\jre\17.0.6-win32-x86_64\bin\zip.dll
0x00007ffa35200000 - 0x00007ffa359fa000 	C:\WINDOWS\System32\SHELL32.dll
0x00007ffa31690000 - 0x00007ffa31f5e000 	C:\WINDOWS\SYSTEM32\windows.storage.dll
0x00007ffa31550000 - 0x00007ffa3168e000 	C:\WINDOWS\SYSTEM32\wintypes.dll
0x00007ffa34330000 - 0x00007ffa34421000 	C:\WINDOWS\System32\SHCORE.dll
0x00007ffa34840000 - 0x00007ffa3489e000 	C:\WINDOWS\System32\shlwapi.dll
0x00007ffa335c0000 - 0x00007ffa335e1000 	C:\WINDOWS\SYSTEM32\profapi.dll
0x00007ffa24dd0000 - 0x00007ffa24de9000 	C:\Users\Yeshwanth C\.vscode\extensions\redhat.java-1.16.0-win32-x64\jre\17.0.6-win32-x86_64\bin\net.dll
0x00007ffa2c060000 - 0x00007ffa2c197000 	C:\WINDOWS\SYSTEM32\WINHTTP.dll
0x00007ffa32b50000 - 0x00007ffa32bb9000 	C:\WINDOWS\system32\mswsock.dll
0x00007ffa24db0000 - 0x00007ffa24dc5000 	C:\Users\Yeshwanth C\.vscode\extensions\redhat.java-1.16.0-win32-x64\jre\17.0.6-win32-x86_64\bin\nio.dll
0x00007ffa2dc40000 - 0x00007ffa2dc50000 	c:\Users\Yeshwanth C\.vscode\extensions\redhat.java-1.16.0-win32-x64\jre\17.0.6-win32-x86_64\bin\verify.dll
0x00007ffa203f0000 - 0x00007ffa2042e000 	C:\Users\Yeshwanth C\AppData\Roaming\Code\User\globalStorage\redhat.java\1.16.0\config_win\org.eclipse.equinox.launcher\org.eclipse.equinox.launcher.win32.win32.x86_64_1.2.700.v20221108-1024\eclipse_11801.dll
0x00007ffa34c30000 - 0x00007ffa34dcc000 	C:\WINDOWS\System32\ole32.dll

dbghelp: loaded successfully - version: 4.0.5 - missing functions: none
symbol engine: initialized successfully - sym options: 0x614 - pdb path: .;c:\Users\Yeshwanth C\.vscode\extensions\redhat.java-1.16.0-win32-x64\jre\17.0.6-win32-x86_64\bin;C:\WINDOWS\SYSTEM32;C:\WINDOWS\WinSxS\amd64_microsoft.windows.common-controls_6595b64144ccf1df_6.0.22621.1635_none_270f70857386168e;c:\Users\Yeshwanth C\.vscode\extensions\redhat.java-1.16.0-win32-x64\jre\17.0.6-win32-x86_64\bin\server;C:\Users\Yeshwanth C\AppData\Roaming\Code\User\globalStorage\redhat.java\1.16.0\config_win\org.eclipse.equinox.launcher\org.eclipse.equinox.launcher.win32.win32.x86_64_1.2.700.v20221108-1024

VM Arguments:
jvm_args: --add-modules=ALL-SYSTEM --add-opens=java.base/java.util=ALL-UNNAMED --add-opens=java.base/java.lang=ALL-UNNAMED --add-opens=java.base/sun.nio.fs=ALL-UNNAMED -Declipse.application=org.eclipse.jdt.ls.core.id1 -Dosgi.bundles.defaultStartLevel=4 -Declipse.product=org.eclipse.jdt.ls.core.product -Djava.import.generatesMetadataFilesAtProjectRoot=false -Dfile.encoding=utf8 -XX:+UseParallelGC -XX:GCTimeRatio=4 -XX:AdaptiveSizePolicyWeight=90 -Dsun.zip.disableMemoryMapping=true -Xmx1G -Xms100m -Xlog:disable -javaagent:c:\Users\Yeshwanth C\.vscode\extensions\redhat.java-1.16.0-win32-x64\lombok\lombok-1.18.24.jar -XX:+HeapDumpOnOutOfMemoryError -XX:HeapDumpPath=c:\Users\Yeshwanth C\AppData\Roaming\Code\User\workspaceStorage\3cd495fc0028023cd6d975b24d42a50f\redhat.java 
java_command: c:\Users\Yeshwanth C\.vscode\extensions\redhat.java-1.16.0-win32-x64\server\plugins\org.eclipse.equinox.launcher_1.6.400.v20210924-0641.jar -configuration c:\Users\Yeshwanth C\AppData\Roaming\Code\User\globalStorage\redhat.java\1.16.0\config_win -data c:\Users\Yeshwanth C\AppData\Roaming\Code\User\workspaceStorage\3cd495fc0028023cd6d975b24d42a50f\redhat.java\jdt_ws
java_class_path (initial): c:\Users\Yeshwanth C\.vscode\extensions\redhat.java-1.16.0-win32-x64\server\plugins\org.eclipse.equinox.launcher_1.6.400.v20210924-0641.jar
Launcher Type: SUN_STANDARD

[Global flags]
    uintx AdaptiveSizePolicyWeight                 = 90                                        {product} {command line}
     intx CICompilerCount                          = 4                                         {product} {ergonomic}
    uintx GCTimeRatio                              = 4                                         {product} {command line}
     bool HeapDumpOnOutOfMemoryError               = true                                   {manageable} {command line}
    ccstr HeapDumpPath                             = c:\Users\Yeshwanth C\AppData\Roaming\Code\User\workspaceStorage\3cd495fc0028023cd6d975b24d42a50f\redhat.java         {manageable} {command line}
   size_t InitialHeapSize                          = 104857600                                 {product} {command line}
   size_t MaxHeapSize                              = 1073741824                                {product} {command line}
   size_t MaxNewSize                               = 357564416                                 {product} {ergonomic}
   size_t MinHeapDeltaBytes                        = 524288                                    {product} {ergonomic}
   size_t MinHeapSize                              = 104857600                                 {product} {command line}
   size_t NewSize                                  = 34603008                                  {product} {ergonomic}
    uintx NonNMethodCodeHeapSize                   = 5839372                                {pd product} {ergonomic}
    uintx NonProfiledCodeHeapSize                  = 122909434                              {pd product} {ergonomic}
   size_t OldSize                                  = 70254592                                  {product} {ergonomic}
    uintx ProfiledCodeHeapSize                     = 122909434                              {pd product} {ergonomic}
    uintx ReservedCodeCacheSize                    = 251658240                              {pd product} {ergonomic}
     bool SegmentedCodeCache                       = true                                      {product} {ergonomic}
   size_t SoftMaxHeapSize                          = 1073741824                             {manageable} {ergonomic}
     bool UseCompressedClassPointers               = true                           {product lp64_product} {ergonomic}
     bool UseCompressedOops                        = true                           {product lp64_product} {ergonomic}
     bool UseLargePagesIndividualAllocation        = false                                  {pd product} {ergonomic}
     bool UseParallelGC                            = true                                      {product} {command line}

Logging:
Log output configuration:
 #0: stdout all=off uptime,level,tags
 #1: stderr all=off uptime,level,tags

Environment Variables:
PATH=C:\Program Files\Common Files\Oracle\Java\javapath;C:\ProgramData\Oracle\Java\javapath;C:\Windows\system32;C:\Windows;C:\Windows\System32\Wbem;C:\Windows\System32\WindowsPowerShell\v1.0\;C:\Windows\System32\OpenSSH\;C:\Program Files (x86)\NVIDIA Corporation\PhysX\Common;C:\Program Files\NVIDIA Corporation\NVIDIA NvDLISR;C:\WINDOWS\system32;C:\WINDOWS;C:\WINDOWS\System32\Wbem;C:\WINDOWS\System32\WindowsPowerShell\v1.0\;C:\WINDOWS\System32\OpenSSH\;C:\MinGW\bin;D:\Git\cmd;C:\Users\Yeshwanth C\AppData\Local\Programs\Python;C:\Program Files\MySQL\MySQL Server 8.0\bin;C:\Users\Yeshwanth C\AppData\Local\Programs\Python\Python310\Scripts\;C:\Users\Yeshwanth C\AppData\Local\Programs\Python\Python310\;C:\Users\Yeshwanth C\AppData\Local\Microsoft\WindowsApps;D:\Microsoft VS Code\bin;
USERNAME=Yeshwanth C
OS=Windows_NT
PROCESSOR_IDENTIFIER=AMD64 Family 23 Model 96 Stepping 1, AuthenticAMD
TMP=C:\Users\YESHWA~1\AppData\Local\Temp
TEMP=C:\Users\YESHWA~1\AppData\Local\Temp



---------------  S Y S T E M  ---------------

OS:
 Windows 11 , 64 bit Build 22621 (10.0.22621.1635)
OS uptime: 0 days 17:30 hours

CPU: total 12 (initial active 12) (12 cores per cpu, 2 threads per core) family 23 model 96 stepping 1 microcode 0x0, cx8, cmov, fxsr, ht, mmx, 3dnowpref, sse, sse2, sse3, ssse3, sse4a, sse4.1, sse4.2, popcnt, lzcnt, tsc, tscinvbit, avx, avx2, aes, clmul, bmi1, bmi2, adx, sha, fma, vzeroupper, clflush, clflushopt

Memory: 4k page, system-wide physical 7549M (201M free)
TotalPageFile size 31101M (AvailPageFile size 1M)
current process WorkingSet (physical memory assigned to process): 84M, peak: 85M
current process commit charge ("private bytes"): 212M, peak: 213M

vm_info: OpenJDK 64-Bit Server VM (17.0.6+10) for windows-amd64 JRE (17.0.6+10), built on Jan 18 2023 10:08:59 by "temurin" with MS VC++ 16.7 (VS2019)

END.
