#
# There is insufficient memory for the Java Runtime Environment to continue.
# Native memory allocation (malloc) failed to allocate 1045104 bytes for Chunk::new
# Possible reasons:
#   The system is out of physical RAM or swap space
#   The process is running with CompressedOops enabled, and the Java Heap may be blocking the growth of the native heap
# Possible solutions:
#   Reduce memory load on the system
#   Increase physical memory or swap space
#   Check if swap backing store is full
#   Decrease Java heap size (-Xmx/-Xms)
#   Decrease number of Java threads
#   Decrease Java thread stack sizes (-Xss)
#   Set larger code cache with -XX:ReservedCodeCacheSize=
#   JVM is running with Unscaled Compressed Oops mode in which the Java heap is
#     placed in the first 4GB address space. The Java Heap base address is the
#     maximum limit for the native heap growth. Please use -XX:HeapBaseMinAddress
#     to set the Java Heap base and to place the Java Heap above 4GB virtual address.
# This output file may be truncated or incomplete.
#
#  Out of Memory Error (arena.cpp:189), pid=22636, tid=12820
#
# JRE version: OpenJDK Runtime Environment Temurin-17.0.6+10 (17.0.6+10) (build 17.0.6+10)
# Java VM: OpenJDK 64-Bit Server VM Temurin-17.0.6+10 (17.0.6+10, mixed mode, tiered, compressed oops, compressed class ptrs, parallel gc, windows-amd64)
# No core dump will be written. Minidumps are not enabled by default on client versions of Windows
#

---------------  S U M M A R Y ------------

Command Line: --add-modules=ALL-SYSTEM --add-opens=java.base/java.util=ALL-UNNAMED --add-opens=java.base/java.lang=ALL-UNNAMED --add-opens=java.base/sun.nio.fs=ALL-UNNAMED -Declipse.application=org.eclipse.jdt.ls.core.id1 -Dosgi.bundles.defaultStartLevel=4 -Declipse.product=org.eclipse.jdt.ls.core.product -Djava.import.generatesMetadataFilesAtProjectRoot=false -Dfile.encoding=utf8 -XX:+UseParallelGC -XX:GCTimeRatio=4 -XX:AdaptiveSizePolicyWeight=90 -Dsun.zip.disableMemoryMapping=true -Xmx1G -Xms100m -Xlog:disable -javaagent:c:\Users\Yeshwanth C\.vscode\extensions\redhat.java-1.16.0-win32-x64\lombok\lombok-1.18.24.jar -XX:+HeapDumpOnOutOfMemoryError -XX:HeapDumpPath=c:\Users\Yeshwanth C\AppData\Roaming\Code\User\workspaceStorage\3cd495fc0028023cd6d975b24d42a50f\redhat.java c:\Users\Yeshwanth C\.vscode\extensions\redhat.java-1.16.0-win32-x64\server\plugins\org.eclipse.equinox.launcher_1.6.400.v20210924-0641.jar -configuration c:\Users\Yeshwanth C\AppData\Roaming\Code\User\globalStorage\redhat.java\1.16.0\config_win -data c:\Users\Yeshwanth C\AppData\Roaming\Code\User\workspaceStorage\3cd495fc0028023cd6d975b24d42a50f\redhat.java\jdt_ws

Host: AMD Ryzen 5 4600H with Radeon Graphics         , 12 cores, 7G,  Windows 11 , 64 bit Build 22621 (10.0.22621.1635)
Time: Sun May 14 13:11:06 2023 India Standard Time elapsed time: 12.476594 seconds (0d 0h 0m 12s)

---------------  T H R E A D  ---------------

Current thread (0x00000240f56bd310):  JavaThread "C2 CompilerThread0" daemon [_thread_in_native, id=12820, stack(0x000000d254300000,0x000000d254400000)]


Current CompileTask:
C2:  12476 5757   !   4       sun.nio.fs.WindowsLinkSupport::getRealPath (500 bytes)

Stack: [0x000000d254300000,0x000000d254400000]
Native frames: (J=compiled Java code, j=interpreted, Vv=VM code, C=native code)
V  [jvm.dll+0x67741a]
V  [jvm.dll+0x834434]
V  [jvm.dll+0x835bde]
V  [jvm.dll+0x836243]
V  [jvm.dll+0x2457b5]
V  [jvm.dll+0xabafc]
V  [jvm.dll+0xac0cc]
V  [jvm.dll+0x3634e7]
V  [jvm.dll+0x1bbd68]
V  [jvm.dll+0x218749]
V  [jvm.dll+0x217a11]
V  [jvm.dll+0x1a3d0d]
V  [jvm.dll+0x22742a]
V  [jvm.dll+0x225565]
V  [jvm.dll+0x7ea2cb]
V  [jvm.dll+0x7e483a]
V  [jvm.dll+0x6762c5]
C  [ucrtbase.dll+0x29363]
C  [KERNEL32.DLL+0x126ad]
C  [ntdll.dll+0x5a9f8]


---------------  P R O C E S S  ---------------

Threads class SMR info:
_java_thread_list=0x00000240fd6910d0, length=37, elements={
0x00000240eecdd8b0, 0x00000240eed9c3e0, 0x00000240f5695010, 0x00000240f3b5b030,
0x00000240f3b5baf0, 0x00000240f3b5cd50, 0x00000240f3b5ddb0, 0x00000240f56bd310,
0x00000240f56bdc10, 0x00000240f56c14a0, 0x00000240f57c5f70, 0x00000240f6c903a0,
0x00000240f72373e0, 0x00000240f723c1b0, 0x00000240f723a9a0, 0x00000240f723bce0,
0x00000240f723b810, 0x00000240f837ffc0, 0x00000240f8380960, 0x00000240f8383980,
0x00000240f8385660, 0x00000240f8385b30, 0x00000240f8386000, 0x00000240f83864d0,
0x00000240f8384320, 0x00000240f8382fe0, 0x00000240f8383e50, 0x00000240f837ec80,
0x00000240f83847f0, 0x00000240f8380490, 0x00000240f83834b0, 0x00000240f8384cc0,
0x00000240f8381ca0, 0x00000240f83817d0, 0x00000240f8380e30, 0x00000240f723ae70,
0x00000240f8381300
}

Java Threads: ( => current thread )
  0x00000240eecdd8b0 JavaThread "main" [_thread_blocked, id=24820, stack(0x000000d253a00000,0x000000d253b00000)]
  0x00000240eed9c3e0 JavaThread "Reference Handler" daemon [_thread_blocked, id=23588, stack(0x000000d253d00000,0x000000d253e00000)]
  0x00000240f5695010 JavaThread "Finalizer" daemon [_thread_blocked, id=11948, stack(0x000000d253e00000,0x000000d253f00000)]
  0x00000240f3b5b030 JavaThread "Signal Dispatcher" daemon [_thread_blocked, id=7052, stack(0x000000d253f00000,0x000000d254000000)]
  0x00000240f3b5baf0 JavaThread "Attach Listener" daemon [_thread_blocked, id=19416, stack(0x000000d254000000,0x000000d254100000)]
  0x00000240f3b5cd50 JavaThread "Service Thread" daemon [_thread_blocked, id=7028, stack(0x000000d254100000,0x000000d254200000)]
  0x00000240f3b5ddb0 JavaThread "Monitor Deflation Thread" daemon [_thread_blocked, id=16340, stack(0x000000d254200000,0x000000d254300000)]
=>0x00000240f56bd310 JavaThread "C2 CompilerThread0" daemon [_thread_in_native, id=12820, stack(0x000000d254300000,0x000000d254400000)]
  0x00000240f56bdc10 JavaThread "C1 CompilerThread0" daemon [_thread_blocked, id=16956, stack(0x000000d254400000,0x000000d254500000)]
  0x00000240f56c14a0 JavaThread "Sweeper thread" daemon [_thread_blocked, id=3912, stack(0x000000d254500000,0x000000d254600000)]
  0x00000240f57c5f70 JavaThread "Common-Cleaner" daemon [_thread_blocked, id=12056, stack(0x000000d254600000,0x000000d254700000)]
  0x00000240f6c903a0 JavaThread "Notification Thread" daemon [_thread_blocked, id=15024, stack(0x000000d254700000,0x000000d254800000)]
  0x00000240f72373e0 JavaThread "Active Thread: Equinox Container: f5e51e24-53d6-4b63-b261-6cae14a5b581" [_thread_blocked, id=10980, stack(0x000000d254f00000,0x000000d255000000)]
  0x00000240f723c1b0 JavaThread "Framework Event Dispatcher: Equinox Container: f5e51e24-53d6-4b63-b261-6cae14a5b581" daemon [_thread_blocked, id=8348, stack(0x000000d255000000,0x000000d255100000)]
  0x00000240f723a9a0 JavaThread "Start Level: Equinox Container: f5e51e24-53d6-4b63-b261-6cae14a5b581" daemon [_thread_blocked, id=4460, stack(0x000000d255100000,0x000000d255200000)]
  0x00000240f723bce0 JavaThread "SCR Component Actor" daemon [_thread_blocked, id=10876, stack(0x000000d255200000,0x000000d255300000)]
  0x00000240f723b810 JavaThread "Worker-JM" [_thread_blocked, id=12788, stack(0x000000d255500000,0x000000d255600000)]
  0x00000240f837ffc0 JavaThread "Worker-0" [_thread_blocked, id=15956, stack(0x000000d255800000,0x000000d255900000)]
  0x00000240f8380960 JavaThread "Worker-1" [_thread_blocked, id=7896, stack(0x000000d255900000,0x000000d255a00000)]
  0x00000240f8383980 JavaThread "Java indexing" daemon [_thread_blocked, id=7512, stack(0x000000d255a00000,0x000000d255b00000)]
  0x00000240f8385660 JavaThread "JNA Cleaner" daemon [_thread_blocked, id=19440, stack(0x000000d255b00000,0x000000d255c00000)]
  0x00000240f8385b30 JavaThread "pool-2-thread-1" [_thread_blocked, id=1056, stack(0x000000d255c00000,0x000000d255d00000)]
  0x00000240f8386000 JavaThread "Worker-2: Synchronize Gradle projects with workspace" [_thread_in_Java, id=6372, stack(0x000000d255e00000,0x000000d255f00000)]
  0x00000240f83864d0 JavaThread "pool-1-thread-1" [_thread_blocked, id=9204, stack(0x000000d255f00000,0x000000d256000000)]
  0x00000240f8384320 JavaThread "Worker-3" [_thread_blocked, id=15032, stack(0x000000d256000000,0x000000d256100000)]
  0x00000240f8382fe0 JavaThread "Timer-0" [_thread_blocked, id=25224, stack(0x000000d256100000,0x000000d256200000)]
  0x00000240f8383e50 JavaThread "Timer-1" [_thread_blocked, id=15504, stack(0x000000d256200000,0x000000d256300000)]
  0x00000240f837ec80 JavaThread "Timer-2" [_thread_blocked, id=19504, stack(0x000000d256300000,0x000000d256400000)]
  0x00000240f83847f0 JavaThread "Exec process" [_thread_blocked, id=19636, stack(0x000000d256500000,0x000000d256600000)]
  0x00000240f8380490 JavaThread "Exec process Thread 2" [_thread_blocked, id=19572, stack(0x000000d256600000,0x000000d256700000)]
  0x00000240f83834b0 JavaThread "Exec process Thread 3" [_thread_blocked, id=14164, stack(0x000000d256700000,0x000000d256800000)]
  0x00000240f8384cc0 JavaThread "Timer-3" [_thread_blocked, id=15800, stack(0x000000d256400000,0x000000d256500000)]
  0x00000240f8381ca0 JavaThread "Timer-4" [_thread_blocked, id=8096, stack(0x000000d256800000,0x000000d256900000)]
  0x00000240f83817d0 JavaThread "Timer-5" [_thread_blocked, id=12352, stack(0x000000d255d00000,0x000000d255e00000)]
  0x00000240f8380e30 JavaThread "Timer-6" [_thread_blocked, id=16448, stack(0x000000d256900000,0x000000d256a00000)]
  0x00000240f723ae70 JavaThread "Worker-4" [_thread_blocked, id=8980, stack(0x000000d256a00000,0x000000d256b00000)]
  0x00000240f8381300 JavaThread "Timer-7" [_thread_blocked, id=24432, stack(0x000000d256d00000,0x000000d256e00000)]

Other Threads:
  0x00000240f5682fe0 VMThread "VM Thread" [stack: 0x000000d253c00000,0x000000d253d00000] [id=17776]
  0x00000240f59a1c90 WatcherThread [stack: 0x000000d254800000,0x000000d254900000] [id=8760]
  0x00000240eecf2eb0 GCTaskThread "GC Thread#0" [stack: 0x000000d253b00000,0x000000d253c00000] [id=12164]
  0x00000240f8008b80 GCTaskThread "GC Thread#1" [stack: 0x000000d254900000,0x000000d254a00000] [id=19560]
  0x00000240f6f45240 GCTaskThread "GC Thread#2" [stack: 0x000000d254a00000,0x000000d254b00000] [id=11956]
  0x00000240f6f454f0 GCTaskThread "GC Thread#3" [stack: 0x000000d254b00000,0x000000d254c00000] [id=9996]
  0x00000240f72b1060 GCTaskThread "GC Thread#4" [stack: 0x000000d254c00000,0x000000d254d00000] [id=23388]
  0x00000240f72b1310 GCTaskThread "GC Thread#5" [stack: 0x000000d254d00000,0x000000d254e00000] [id=11668]
  0x00000240f6fcc020 GCTaskThread "GC Thread#6" [stack: 0x000000d254e00000,0x000000d254f00000] [id=17240]
  0x00000240f81b1080 GCTaskThread "GC Thread#7" [stack: 0x000000d255300000,0x000000d255400000] [id=15084]
  0x00000240f812c880 GCTaskThread "GC Thread#8" [stack: 0x000000d255600000,0x000000d255700000] [id=4488]
  0x00000240f812cb30 GCTaskThread "GC Thread#9" [stack: 0x000000d255700000,0x000000d255800000] [id=3208]

Threads with active compile tasks:
C2 CompilerThread0    12496 5757   !   4       sun.nio.fs.WindowsLinkSupport::getRealPath (500 bytes)

VM state: not at safepoint (normal execution)

VM Mutex/Monitor currently owned by a thread: None

Heap address: 0x00000000c0000000, size: 1024 MB, Compressed Oops mode: 32-bit

CDS archive(s) not mapped
Compressed class space mapped at: 0x0000000100000000-0x0000000140000000, reserved size: 1073741824
Narrow klass base: 0x0000000000000000, Narrow klass shift: 3, Narrow klass range: 0x140000000

GC Precious Log:
 CPUs: 12 total, 12 available
 Memory: 7549M
 Large Page Support: Disabled
 NUMA Support: Disabled
 Compressed Oops: Enabled (32-bit)
 Alignments: Space 512K, Generation 512K, Heap 2M
 Heap Min Capacity: 100M
 Heap Initial Capacity: 100M
 Heap Max Capacity: 1G
 Pre-touch: Disabled
 Parallel Workers: 10

Heap:
 PSYoungGen      total 23552K, used 9725K [0x00000000eab00000, 0x00000000ec400000, 0x0000000100000000)
  eden space 22016K, 42% used [0x00000000eab00000,0x00000000eb42f570,0x00000000ec080000)
  from space 1536K, 20% used [0x00000000ec100000,0x00000000ec150000,0x00000000ec280000)
  to   space 1024K, 0% used [0x00000000ec300000,0x00000000ec300000,0x00000000ec400000)
 ParOldGen       total 68608K, used 32730K [0x00000000c0000000, 0x00000000c4300000, 0x00000000eab00000)
  object space 68608K, 47% used [0x00000000c0000000,0x00000000c1ff6be0,0x00000000c4300000)
 Metaspace       used 59062K, committed 59904K, reserved 1105920K
  class space    used 7221K, committed 7616K, reserved 1048576K

Card table byte_map: [0x00000240ee6a0000,0x00000240ee8b0000] _byte_map_base: 0x00000240ee0a0000

Marking Bits: (ParMarkBitMap*) 0x00007ffbd4523e70
 Begin Bits: [0x00000240f1960000, 0x00000240f2960000)
 End Bits:   [0x00000240f2960000, 0x00000240f3960000)

Polling page: 0x00000240ecce0000

Metaspace:

Usage:
  Non-class:     50.63 MB used.
      Class:      7.05 MB used.
       Both:     57.68 MB used.

Virtual space:
  Non-class space:       56.00 MB reserved,      51.06 MB ( 91%) committed,  7 nodes.
      Class space:        1.00 GB reserved,       7.44 MB ( <1%) committed,  1 nodes.
             Both:        1.05 GB reserved,      58.50 MB (  5%) committed. 

Chunk freelists:
   Non-Class:  398.00 KB
       Class:  518.00 KB
        Both:  916.00 KB

MaxMetaspaceSize: unlimited
CompressedClassSpaceSize: 1.00 GB
Initial GC threshold: 21.00 MB
Current GC threshold: 97.31 MB
CDS: off
MetaspaceReclaimPolicy: balanced
 - commit_granule_bytes: 65536.
 - commit_granule_words: 8192.
 - virtual_space_node_default_size: 1048576.
 - enlarge_chunks_in_place: 1.
 - new_chunks_are_fully_committed: 0.
 - uncommit_free_chunks: 1.
 - use_allocation_guard: 0.
 - handle_deallocations: 1.


Internal statistics:

num_allocs_failed_limit: 9.
num_arena_births: 498.
num_arena_deaths: 14.
num_vsnodes_births: 8.
num_vsnodes_deaths: 0.
num_space_committed: 936.
num_space_uncommitted: 0.
num_chunks_returned_to_freelist: 23.
num_chunks_taken_from_freelist: 2637.
num_chunk_merges: 10.
num_chunk_splits: 1756.
num_chunks_enlarged: 1163.
num_purges: 2.
num_inconsistent_stats: 0.

CodeHeap 'non-profiled nmethods': size=120000Kb used=3066Kb max_used=3080Kb free=116933Kb
 bounds [0x0000024087ad0000, 0x0000024087de0000, 0x000002408f000000]
CodeHeap 'profiled nmethods': size=120000Kb used=9067Kb max_used=10797Kb free=110932Kb
 bounds [0x0000024080000000, 0x0000024080a90000, 0x0000024087530000]
CodeHeap 'non-nmethods': size=5760Kb used=1292Kb max_used=1359Kb free=4468Kb
 bounds [0x0000024087530000, 0x00000240877a0000, 0x0000024087ad0000]
 total_blobs=5559 nmethods=4935 adapters=537
 compilation: enabled
              stopped_count=0, restarted_count=0
 full_count=0

Compilation events (20 events):
Event: 12.429 Thread 0x00000240f56bdc10 5788       3       org.gradle.tooling.internal.adapter.MethodInvocation::<init> (50 bytes)
Event: 12.429 Thread 0x00000240f56bdc10 nmethod 5788 0x00000240804fce90 code [0x00000240804fd020, 0x00000240804fd238]
Event: 12.437 Thread 0x00000240f56bdc10 5789       3       java.util.LinkedList::addAll (182 bytes)
Event: 12.438 Thread 0x00000240f56bdc10 nmethod 5789 0x0000024080952990 code [0x0000024080952bc0, 0x00000240809534f8]
Event: 12.438 Thread 0x00000240f56bdc10 5790       3       java.util.Formatter$FormatSpecifier::<init> (77 bytes)
Event: 12.439 Thread 0x00000240f56bdc10 nmethod 5790 0x0000024080876610 code [0x0000024080876820, 0x0000024080876ef8]
Event: 12.439 Thread 0x00000240f56bdc10 5791       3       java.io.BufferedInputStream::fill (203 bytes)
Event: 12.439 Thread 0x00000240f56bdc10 nmethod 5791 0x00000240801eb090 code [0x00000240801eb300, 0x00000240801ebee8]
Event: 12.440 Thread 0x00000240f56bdc10 5792  s    3       java.io.ByteArrayOutputStream::toByteArray (12 bytes)
Event: 12.440 Thread 0x00000240f56bdc10 nmethod 5792 0x00000240805a0610 code [0x00000240805a07c0, 0x00000240805a09a8]
Event: 12.440 Thread 0x00000240f56bdc10 5793  s!   3       java.io.FileDescriptor::closeAll (163 bytes)
Event: 12.441 Thread 0x00000240f56bdc10 nmethod 5793 0x0000024080048f10 code [0x0000024080049180, 0x0000024080049fc8]
Event: 12.457 Thread 0x00000240f56bdc10 5795       3       java.util.stream.AbstractPipeline::copyIntoWithCancel (46 bytes)
Event: 12.457 Thread 0x00000240f56bdc10 nmethod 5795 0x00000240801d9f90 code [0x00000240801da180, 0x00000240801da658]
Event: 12.457 Thread 0x00000240f56bdc10 5798       3       java.lang.Math::min (46 bytes)
Event: 12.457 Thread 0x00000240f56bdc10 nmethod 5798 0x00000240801d9990 code [0x00000240801d9b40, 0x00000240801d9e98]
Event: 12.457 Thread 0x00000240f56bdc10 5796       3       java.io.StringWriter::append (6 bytes)
Event: 12.457 Thread 0x00000240f56bdc10 nmethod 5796 0x00000240803f6010 code [0x00000240803f6200, 0x00000240803f6718]
Event: 12.457 Thread 0x00000240f56bdc10 5797       3       java.io.StringWriter::append (10 bytes)
Event: 12.458 Thread 0x00000240f56bdc10 nmethod 5797 0x00000240805c4090 code [0x00000240805c4260, 0x00000240805c46f8]

GC Heap History (20 events):
Event: 7.301 GC heap before
{Heap before GC invocations=19 (full 2):
 PSYoungGen      total 26624K, used 26327K [0x00000000eab00000, 0x00000000ecc80000, 0x0000000100000000)
  eden space 22016K, 100% used [0x00000000eab00000,0x00000000ec080000,0x00000000ec080000)
  from space 4608K, 93% used [0x00000000ec800000,0x00000000ecc35d30,0x00000000ecc80000)
  to   space 5120K, 0% used [0x00000000ec280000,0x00000000ec280000,0x00000000ec780000)
 ParOldGen       total 68608K, used 23517K [0x00000000c0000000, 0x00000000c4300000, 0x00000000eab00000)
  object space 68608K, 34% used [0x00000000c0000000,0x00000000c16f76e8,0x00000000c4300000)
 Metaspace       used 49539K, committed 50368K, reserved 1097728K
  class space    used 5539K, committed 5888K, reserved 1048576K
}
Event: 7.304 GC heap after
{Heap after GC invocations=19 (full 2):
 PSYoungGen      total 25088K, used 2657K [0x00000000eab00000, 0x00000000ec880000, 0x0000000100000000)
  eden space 22016K, 0% used [0x00000000eab00000,0x00000000eab00000,0x00000000ec080000)
  from space 3072K, 86% used [0x00000000ec280000,0x00000000ec518610,0x00000000ec580000)
  to   space 3072K, 0% used [0x00000000ec580000,0x00000000ec580000,0x00000000ec880000)
 ParOldGen       total 68608K, used 27625K [0x00000000c0000000, 0x00000000c4300000, 0x00000000eab00000)
  object space 68608K, 40% used [0x00000000c0000000,0x00000000c1afa6e0,0x00000000c4300000)
 Metaspace       used 49539K, committed 50368K, reserved 1097728K
  class space    used 5539K, committed 5888K, reserved 1048576K
}
Event: 7.536 GC heap before
{Heap before GC invocations=20 (full 2):
 PSYoungGen      total 25088K, used 24673K [0x00000000eab00000, 0x00000000ec880000, 0x0000000100000000)
  eden space 22016K, 100% used [0x00000000eab00000,0x00000000ec080000,0x00000000ec080000)
  from space 3072K, 86% used [0x00000000ec280000,0x00000000ec518610,0x00000000ec580000)
  to   space 3072K, 0% used [0x00000000ec580000,0x00000000ec580000,0x00000000ec880000)
 ParOldGen       total 68608K, used 27625K [0x00000000c0000000, 0x00000000c4300000, 0x00000000eab00000)
  object space 68608K, 40% used [0x00000000c0000000,0x00000000c1afa6e0,0x00000000c4300000)
 Metaspace       used 50963K, committed 51776K, reserved 1097728K
  class space    used 5833K, committed 6208K, reserved 1048576K
}
Event: 7.538 GC heap after
{Heap after GC invocations=20 (full 2):
 PSYoungGen      total 24576K, used 2402K [0x00000000eab00000, 0x00000000ec800000, 0x0000000100000000)
  eden space 22016K, 0% used [0x00000000eab00000,0x00000000eab00000,0x00000000ec080000)
  from space 2560K, 93% used [0x00000000ec580000,0x00000000ec7d8890,0x00000000ec800000)
  to   space 3072K, 0% used [0x00000000ec200000,0x00000000ec200000,0x00000000ec500000)
 ParOldGen       total 68608K, used 30067K [0x00000000c0000000, 0x00000000c4300000, 0x00000000eab00000)
  object space 68608K, 43% used [0x00000000c0000000,0x00000000c1d5ce48,0x00000000c4300000)
 Metaspace       used 50963K, committed 51776K, reserved 1097728K
  class space    used 5833K, committed 6208K, reserved 1048576K
}
Event: 7.924 GC heap before
{Heap before GC invocations=21 (full 2):
 PSYoungGen      total 24576K, used 24418K [0x00000000eab00000, 0x00000000ec800000, 0x0000000100000000)
  eden space 22016K, 100% used [0x00000000eab00000,0x00000000ec080000,0x00000000ec080000)
  from space 2560K, 93% used [0x00000000ec580000,0x00000000ec7d8890,0x00000000ec800000)
  to   space 3072K, 0% used [0x00000000ec200000,0x00000000ec200000,0x00000000ec500000)
 ParOldGen       total 68608K, used 30067K [0x00000000c0000000, 0x00000000c4300000, 0x00000000eab00000)
  object space 68608K, 43% used [0x00000000c0000000,0x00000000c1d5ce48,0x00000000c4300000)
 Metaspace       used 53092K, committed 53952K, reserved 1097728K
  class space    used 6159K, committed 6528K, reserved 1048576K
}
Event: 7.926 GC heap after
{Heap after GC invocations=21 (full 2):
 PSYoungGen      total 23040K, used 576K [0x00000000eab00000, 0x00000000ec600000, 0x0000000100000000)
  eden space 22016K, 0% used [0x00000000eab00000,0x00000000eab00000,0x00000000ec080000)
  from space 1024K, 56% used [0x00000000ec200000,0x00000000ec290000,0x00000000ec300000)
  to   space 1536K, 0% used [0x00000000ec480000,0x00000000ec480000,0x00000000ec600000)
 ParOldGen       total 68608K, used 32269K [0x00000000c0000000, 0x00000000c4300000, 0x00000000eab00000)
  object space 68608K, 47% used [0x00000000c0000000,0x00000000c1f83520,0x00000000c4300000)
 Metaspace       used 53092K, committed 53952K, reserved 1097728K
  class space    used 6159K, committed 6528K, reserved 1048576K
}
Event: 8.244 GC heap before
{Heap before GC invocations=22 (full 2):
 PSYoungGen      total 23040K, used 22592K [0x00000000eab00000, 0x00000000ec600000, 0x0000000100000000)
  eden space 22016K, 100% used [0x00000000eab00000,0x00000000ec080000,0x00000000ec080000)
  from space 1024K, 56% used [0x00000000ec200000,0x00000000ec290000,0x00000000ec300000)
  to   space 1536K, 0% used [0x00000000ec480000,0x00000000ec480000,0x00000000ec600000)
 ParOldGen       total 68608K, used 32269K [0x00000000c0000000, 0x00000000c4300000, 0x00000000eab00000)
  object space 68608K, 47% used [0x00000000c0000000,0x00000000c1f83520,0x00000000c4300000)
 Metaspace       used 53743K, committed 54592K, reserved 1097728K
  class space    used 6244K, committed 6656K, reserved 1048576K
}
Event: 8.245 GC heap after
{Heap after GC invocations=22 (full 2):
 PSYoungGen      total 23040K, used 514K [0x00000000eab00000, 0x00000000ec580000, 0x0000000100000000)
  eden space 22016K, 0% used [0x00000000eab00000,0x00000000eab00000,0x00000000ec080000)
  from space 1024K, 50% used [0x00000000ec480000,0x00000000ec500850,0x00000000ec580000)
  to   space 1024K, 0% used [0x00000000ec200000,0x00000000ec200000,0x00000000ec300000)
 ParOldGen       total 68608K, used 32693K [0x00000000c0000000, 0x00000000c4300000, 0x00000000eab00000)
  object space 68608K, 47% used [0x00000000c0000000,0x00000000c1fed530,0x00000000c4300000)
 Metaspace       used 53743K, committed 54592K, reserved 1097728K
  class space    used 6244K, committed 6656K, reserved 1048576K
}
Event: 8.409 GC heap before
{Heap before GC invocations=23 (full 2):
 PSYoungGen      total 23040K, used 22530K [0x00000000eab00000, 0x00000000ec580000, 0x0000000100000000)
  eden space 22016K, 100% used [0x00000000eab00000,0x00000000ec080000,0x00000000ec080000)
  from space 1024K, 50% used [0x00000000ec480000,0x00000000ec500850,0x00000000ec580000)
  to   space 1024K, 0% used [0x00000000ec200000,0x00000000ec200000,0x00000000ec300000)
 ParOldGen       total 68608K, used 32693K [0x00000000c0000000, 0x00000000c4300000, 0x00000000eab00000)
  object space 68608K, 47% used [0x00000000c0000000,0x00000000c1fed530,0x00000000c4300000)
 Metaspace       used 55184K, committed 56064K, reserved 1105920K
  class space    used 6492K, committed 6912K, reserved 1048576K
}
Event: 8.410 GC heap after
{Heap after GC invocations=23 (full 2):
 PSYoungGen      total 23040K, used 1008K [0x00000000eab00000, 0x00000000ec500000, 0x0000000100000000)
  eden space 22016K, 0% used [0x00000000eab00000,0x00000000eab00000,0x00000000ec080000)
  from space 1024K, 98% used [0x00000000ec200000,0x00000000ec2fc320,0x00000000ec300000)
  to   space 1536K, 0% used [0x00000000ec380000,0x00000000ec380000,0x00000000ec500000)
 ParOldGen       total 68608K, used 32970K [0x00000000c0000000, 0x00000000c4300000, 0x00000000eab00000)
  object space 68608K, 48% used [0x00000000c0000000,0x00000000c2032b40,0x00000000c4300000)
 Metaspace       used 55184K, committed 56064K, reserved 1105920K
  class space    used 6492K, committed 6912K, reserved 1048576K
}
Event: 8.541 GC heap before
{Heap before GC invocations=24 (full 2):
 PSYoungGen      total 23040K, used 23024K [0x00000000eab00000, 0x00000000ec500000, 0x0000000100000000)
  eden space 22016K, 100% used [0x00000000eab00000,0x00000000ec080000,0x00000000ec080000)
  from space 1024K, 98% used [0x00000000ec200000,0x00000000ec2fc320,0x00000000ec300000)
  to   space 1536K, 0% used [0x00000000ec380000,0x00000000ec380000,0x00000000ec500000)
 ParOldGen       total 68608K, used 32970K [0x00000000c0000000, 0x00000000c4300000, 0x00000000eab00000)
  object space 68608K, 48% used [0x00000000c0000000,0x00000000c2032b40,0x00000000c4300000)
 Metaspace       used 56550K, committed 57408K, reserved 1105920K
  class space    used 6806K, committed 7168K, reserved 1048576K
}
Event: 8.542 GC heap after
{Heap after GC invocations=24 (full 2):
 PSYoungGen      total 22528K, used 320K [0x00000000eab00000, 0x00000000ec400000, 0x0000000100000000)
  eden space 22016K, 0% used [0x00000000eab00000,0x00000000eab00000,0x00000000ec080000)
  from space 512K, 62% used [0x00000000ec380000,0x00000000ec3d0000,0x00000000ec400000)
  to   space 1024K, 0% used [0x00000000ec200000,0x00000000ec200000,0x00000000ec300000)
 ParOldGen       total 68608K, used 33310K [0x00000000c0000000, 0x00000000c4300000, 0x00000000eab00000)
  object space 68608K, 48% used [0x00000000c0000000,0x00000000c20878e8,0x00000000c4300000)
 Metaspace       used 56550K, committed 57408K, reserved 1105920K
  class space    used 6806K, committed 7168K, reserved 1048576K
}
Event: 8.662 GC heap before
{Heap before GC invocations=25 (full 2):
 PSYoungGen      total 22528K, used 22336K [0x00000000eab00000, 0x00000000ec400000, 0x0000000100000000)
  eden space 22016K, 100% used [0x00000000eab00000,0x00000000ec080000,0x00000000ec080000)
  from space 512K, 62% used [0x00000000ec380000,0x00000000ec3d0000,0x00000000ec400000)
  to   space 1024K, 0% used [0x00000000ec200000,0x00000000ec200000,0x00000000ec300000)
 ParOldGen       total 68608K, used 33310K [0x00000000c0000000, 0x00000000c4300000, 0x00000000eab00000)
  object space 68608K, 48% used [0x00000000c0000000,0x00000000c20878e8,0x00000000c4300000)
 Metaspace       used 57396K, committed 58304K, reserved 1105920K
  class space    used 7005K, committed 7424K, reserved 1048576K
}
Event: 8.663 GC heap after
{Heap after GC invocations=25 (full 2):
 PSYoungGen      total 23040K, used 448K [0x00000000eab00000, 0x00000000ec400000, 0x0000000100000000)
  eden space 22016K, 0% used [0x00000000eab00000,0x00000000eab00000,0x00000000ec080000)
  from space 1024K, 43% used [0x00000000ec200000,0x00000000ec270000,0x00000000ec300000)
  to   space 512K, 0% used [0x00000000ec380000,0x00000000ec380000,0x00000000ec400000)
 ParOldGen       total 68608K, used 33454K [0x00000000c0000000, 0x00000000c4300000, 0x00000000eab00000)
  object space 68608K, 48% used [0x00000000c0000000,0x00000000c20ab8e8,0x00000000c4300000)
 Metaspace       used 57396K, committed 58304K, reserved 1105920K
  class space    used 7005K, committed 7424K, reserved 1048576K
}
Event: 11.922 GC heap before
{Heap before GC invocations=26 (full 2):
 PSYoungGen      total 23040K, used 21819K [0x00000000eab00000, 0x00000000ec400000, 0x0000000100000000)
  eden space 22016K, 97% used [0x00000000eab00000,0x00000000ebfdec38,0x00000000ec080000)
  from space 1024K, 43% used [0x00000000ec200000,0x00000000ec270000,0x00000000ec300000)
  to   space 512K, 0% used [0x00000000ec380000,0x00000000ec380000,0x00000000ec400000)
 ParOldGen       total 68608K, used 33454K [0x00000000c0000000, 0x00000000c4300000, 0x00000000eab00000)
  object space 68608K, 48% used [0x00000000c0000000,0x00000000c20ab8e8,0x00000000c4300000)
 Metaspace       used 58924K, committed 59776K, reserved 1105920K
  class space    used 7209K, committed 7616K, reserved 1048576K
}
Event: 11.923 GC heap after
{Heap after GC invocations=26 (full 2):
 PSYoungGen      total 22528K, used 512K [0x00000000eab00000, 0x00000000ec400000, 0x0000000100000000)
  eden space 22016K, 0% used [0x00000000eab00000,0x00000000eab00000,0x00000000ec080000)
  from space 512K, 100% used [0x00000000ec380000,0x00000000ec400000,0x00000000ec400000)
  to   space 1536K, 0% used [0x00000000ec100000,0x00000000ec100000,0x00000000ec280000)
 ParOldGen       total 68608K, used 33901K [0x00000000c0000000, 0x00000000c4300000, 0x00000000eab00000)
  object space 68608K, 49% used [0x00000000c0000000,0x00000000c211b5f8,0x00000000c4300000)
 Metaspace       used 58924K, committed 59776K, reserved 1105920K
  class space    used 7209K, committed 7616K, reserved 1048576K
}
Event: 11.923 GC heap before
{Heap before GC invocations=27 (full 3):
 PSYoungGen      total 22528K, used 512K [0x00000000eab00000, 0x00000000ec400000, 0x0000000100000000)
  eden space 22016K, 0% used [0x00000000eab00000,0x00000000eab00000,0x00000000ec080000)
  from space 512K, 100% used [0x00000000ec380000,0x00000000ec400000,0x00000000ec400000)
  to   space 1536K, 0% used [0x00000000ec100000,0x00000000ec100000,0x00000000ec280000)
 ParOldGen       total 68608K, used 33901K [0x00000000c0000000, 0x00000000c4300000, 0x00000000eab00000)
  object space 68608K, 49% used [0x00000000c0000000,0x00000000c211b5f8,0x00000000c4300000)
 Metaspace       used 58924K, committed 59776K, reserved 1105920K
  class space    used 7209K, committed 7616K, reserved 1048576K
}
Event: 11.951 GC heap after
{Heap after GC invocations=27 (full 3):
 PSYoungGen      total 22528K, used 0K [0x00000000eab00000, 0x00000000ec400000, 0x0000000100000000)
  eden space 22016K, 0% used [0x00000000eab00000,0x00000000eab00000,0x00000000ec080000)
  from space 512K, 0% used [0x00000000ec380000,0x00000000ec380000,0x00000000ec400000)
  to   space 1536K, 0% used [0x00000000ec100000,0x00000000ec100000,0x00000000ec280000)
 ParOldGen       total 68608K, used 32722K [0x00000000c0000000, 0x00000000c4300000, 0x00000000eab00000)
  object space 68608K, 47% used [0x00000000c0000000,0x00000000c1ff4be0,0x00000000c4300000)
 Metaspace       used 58924K, committed 59776K, reserved 1105920K
  class space    used 7209K, committed 7616K, reserved 1048576K
}
Event: 12.361 GC heap before
{Heap before GC invocations=28 (full 3):
 PSYoungGen      total 22528K, used 22016K [0x00000000eab00000, 0x00000000ec400000, 0x0000000100000000)
  eden space 22016K, 100% used [0x00000000eab00000,0x00000000ec080000,0x00000000ec080000)
  from space 512K, 0% used [0x00000000ec380000,0x00000000ec380000,0x00000000ec400000)
  to   space 1536K, 0% used [0x00000000ec100000,0x00000000ec100000,0x00000000ec280000)
 ParOldGen       total 68608K, used 32722K [0x00000000c0000000, 0x00000000c4300000, 0x00000000eab00000)
  object space 68608K, 47% used [0x00000000c0000000,0x00000000c1ff4be0,0x00000000c4300000)
 Metaspace       used 59028K, committed 59904K, reserved 1105920K
  class space    used 7219K, committed 7616K, reserved 1048576K
}
Event: 12.362 GC heap after
{Heap after GC invocations=28 (full 3):
 PSYoungGen      total 23552K, used 320K [0x00000000eab00000, 0x00000000ec400000, 0x0000000100000000)
  eden space 22016K, 0% used [0x00000000eab00000,0x00000000eab00000,0x00000000ec080000)
  from space 1536K, 20% used [0x00000000ec100000,0x00000000ec150000,0x00000000ec280000)
  to   space 1024K, 0% used [0x00000000ec300000,0x00000000ec300000,0x00000000ec400000)
 ParOldGen       total 68608K, used 32730K [0x00000000c0000000, 0x00000000c4300000, 0x00000000eab00000)
  object space 68608K, 47% used [0x00000000c0000000,0x00000000c1ff6be0,0x00000000c4300000)
 Metaspace       used 59028K, committed 59904K, reserved 1105920K
  class space    used 7219K, committed 7616K, reserved 1048576K
}

Dll operation events (14 events):
Event: 0.009 Loaded shared library c:\Users\Yeshwanth C\.vscode\extensions\redhat.java-1.16.0-win32-x64\jre\17.0.6-win32-x86_64\bin\java.dll
Event: 0.111 Loaded shared library c:\Users\Yeshwanth C\.vscode\extensions\redhat.java-1.16.0-win32-x64\jre\17.0.6-win32-x86_64\bin\zip.dll
Event: 0.114 Loaded shared library C:\Users\Yeshwanth C\.vscode\extensions\redhat.java-1.16.0-win32-x64\jre\17.0.6-win32-x86_64\bin\instrument.dll
Event: 0.125 Loaded shared library C:\Users\Yeshwanth C\.vscode\extensions\redhat.java-1.16.0-win32-x64\jre\17.0.6-win32-x86_64\bin\net.dll
Event: 0.126 Loaded shared library C:\Users\Yeshwanth C\.vscode\extensions\redhat.java-1.16.0-win32-x64\jre\17.0.6-win32-x86_64\bin\nio.dll
Event: 0.131 Loaded shared library C:\Users\Yeshwanth C\.vscode\extensions\redhat.java-1.16.0-win32-x64\jre\17.0.6-win32-x86_64\bin\zip.dll
Event: 0.142 Loaded shared library C:\Users\Yeshwanth C\.vscode\extensions\redhat.java-1.16.0-win32-x64\jre\17.0.6-win32-x86_64\bin\jimage.dll
Event: 0.175 Loaded shared library c:\Users\Yeshwanth C\.vscode\extensions\redhat.java-1.16.0-win32-x64\jre\17.0.6-win32-x86_64\bin\verify.dll
Event: 3.284 Loaded shared library C:\Users\Yeshwanth C\AppData\Roaming\Code\User\globalStorage\redhat.java\1.16.0\config_win\org.eclipse.equinox.launcher\org.eclipse.equinox.launcher.win32.win32.x86_64_1.2.700.v20221108-1024\eclipse_11801.dll
Event: 5.060 Loaded shared library C:\Users\Yeshwanth C\AppData\Local\Temp\jna-897834202\jna10990938967721038665.dll
Event: 6.945 Loaded shared library C:\Users\Yeshwanth C\.gradle\native\f6784746aeab05261644944871eae4fe03e0ef1612fff0a4a95f87b438bc6780\windows-amd64\native-platform.dll
Event: 7.551 Loaded shared library C:\Users\Yeshwanth C\.vscode\extensions\redhat.java-1.16.0-win32-x64\jre\17.0.6-win32-x86_64\bin\management.dll
Event: 7.555 Loaded shared library C:\Users\Yeshwanth C\.vscode\extensions\redhat.java-1.16.0-win32-x64\jre\17.0.6-win32-x86_64\bin\management_ext.dll
Event: 10.319 Loaded shared library C:\Users\Yeshwanth C\.vscode\extensions\redhat.java-1.16.0-win32-x64\jre\17.0.6-win32-x86_64\bin\sunmscapi.dll

Deoptimization events (20 events):
Event: 12.068 Thread 0x00000240f8386000 DEOPT PACKING pc=0x00000240806d990c sp=0x000000d255efdc20
Event: 12.068 Thread 0x00000240f8386000 DEOPT UNPACKING pc=0x0000024087586e43 sp=0x000000d255efd1a0 mode 0
Event: 12.078 Thread 0x00000240f8386000 DEOPT PACKING pc=0x00000240806d990c sp=0x000000d255efda80
Event: 12.078 Thread 0x00000240f8386000 DEOPT UNPACKING pc=0x0000024087586e43 sp=0x000000d255efd000 mode 0
Event: 12.087 Thread 0x00000240f8386000 DEOPT PACKING pc=0x00000240806d990c sp=0x000000d255efd840
Event: 12.087 Thread 0x00000240f8386000 DEOPT UNPACKING pc=0x0000024087586e43 sp=0x000000d255efcdc0 mode 0
Event: 12.098 Thread 0x00000240f8386000 DEOPT PACKING pc=0x00000240806d990c sp=0x000000d255efda80
Event: 12.098 Thread 0x00000240f8386000 DEOPT UNPACKING pc=0x0000024087586e43 sp=0x000000d255efd000 mode 0
Event: 12.416 Thread 0x00000240f8385190 Uncommon trap: trap_request=0xffffffbe fr.pc=0x0000024087b23d5c relative=0x000000000000095c
Event: 12.416 Thread 0x00000240f8385190 Uncommon trap: reason=profile_predicate action=maybe_recompile pc=0x0000024087b23d5c method=java.util.regex.Pattern$BnM.optimize(Ljava/util/regex/Pattern$Node;)Ljava/util/regex/Pattern$Node; @ 67 c2
Event: 12.416 Thread 0x00000240f8385190 DEOPT PACKING pc=0x0000024087b23d5c sp=0x000000d256efe9b0
Event: 12.416 Thread 0x00000240f8385190 DEOPT UNPACKING pc=0x00000240875866a3 sp=0x000000d256efe8e0 mode 2
Event: 12.416 Thread 0x00000240f8385190 Uncommon trap: trap_request=0xffffffbe fr.pc=0x0000024087b23d5c relative=0x000000000000095c
Event: 12.416 Thread 0x00000240f8385190 Uncommon trap: reason=profile_predicate action=maybe_recompile pc=0x0000024087b23d5c method=java.util.regex.Pattern$BnM.optimize(Ljava/util/regex/Pattern$Node;)Ljava/util/regex/Pattern$Node; @ 67 c2
Event: 12.417 Thread 0x00000240f8385190 DEOPT PACKING pc=0x0000024087b23d5c sp=0x000000d256efe9b0
Event: 12.417 Thread 0x00000240f8385190 DEOPT UNPACKING pc=0x00000240875866a3 sp=0x000000d256efe8e0 mode 2
Event: 12.417 Thread 0x00000240f8385190 Uncommon trap: trap_request=0xffffffbe fr.pc=0x0000024087b23d5c relative=0x000000000000095c
Event: 12.417 Thread 0x00000240f8385190 Uncommon trap: reason=profile_predicate action=maybe_recompile pc=0x0000024087b23d5c method=java.util.regex.Pattern$BnM.optimize(Ljava/util/regex/Pattern$Node;)Ljava/util/regex/Pattern$Node; @ 67 c2
Event: 12.417 Thread 0x00000240f8385190 DEOPT PACKING pc=0x0000024087b23d5c sp=0x000000d256efe9b0
Event: 12.417 Thread 0x00000240f8385190 DEOPT UNPACKING pc=0x00000240875866a3 sp=0x000000d256efe8e0 mode 2

Classes unloaded (7 events):
Event: 4.072 Thread 0x00000240f5682fe0 Unloading class 0x000000010021a400 'java/lang/invoke/LambdaForm$MH+0x000000010021a400'
Event: 4.072 Thread 0x00000240f5682fe0 Unloading class 0x000000010021a000 'java/lang/invoke/LambdaForm$MH+0x000000010021a000'
Event: 4.072 Thread 0x00000240f5682fe0 Unloading class 0x0000000100219c00 'java/lang/invoke/LambdaForm$MH+0x0000000100219c00'
Event: 4.072 Thread 0x00000240f5682fe0 Unloading class 0x0000000100219400 'java/lang/invoke/LambdaForm$MH+0x0000000100219400'
Event: 4.072 Thread 0x00000240f5682fe0 Unloading class 0x0000000100219000 'java/lang/invoke/LambdaForm$BMH+0x0000000100219000'
Event: 4.072 Thread 0x00000240f5682fe0 Unloading class 0x0000000100218c00 'java/lang/invoke/LambdaForm$DMH+0x0000000100218c00'
Event: 4.072 Thread 0x00000240f5682fe0 Unloading class 0x0000000100216000 'java/lang/invoke/LambdaForm$DMH+0x0000000100216000'

Classes redefined (0 events):
No events

Internal exceptions (20 events):
Event: 12.317 Thread 0x00000240f8384cc0 Exception <a 'java/io/IOException'{0x00000000ebd2af80}> (0x00000000ebd2af80) 
thrown [s\src\hotspot\share\prims\jni.cpp, line 516]
Event: 12.317 Thread 0x00000240f8384cc0 Exception <a 'java/io/IOException'{0x00000000ebd2b290}> (0x00000000ebd2b290) 
thrown [s\src\hotspot\share\prims\jni.cpp, line 516]
Event: 12.318 Thread 0x00000240f8384cc0 Exception <a 'java/io/IOException'{0x00000000ebd2c488}> (0x00000000ebd2c488) 
thrown [s\src\hotspot\share\prims\jni.cpp, line 516]
Event: 12.318 Thread 0x00000240f8384cc0 Exception <a 'java/io/IOException'{0x00000000ebd2c798}> (0x00000000ebd2c798) 
thrown [s\src\hotspot\share\prims\jni.cpp, line 516]
Event: 12.318 Thread 0x00000240f8384cc0 Exception <a 'java/io/IOException'{0x00000000ebd2caa8}> (0x00000000ebd2caa8) 
thrown [s\src\hotspot\share\prims\jni.cpp, line 516]
Event: 12.322 Thread 0x00000240f8386000 Exception <a 'java/io/IOException'{0x00000000ebd70240}> (0x00000000ebd70240) 
thrown [s\src\hotspot\share\prims\jni.cpp, line 516]
Event: 12.322 Thread 0x00000240f8386000 Exception <a 'java/io/IOException'{0x00000000ebd707f8}> (0x00000000ebd707f8) 
thrown [s\src\hotspot\share\prims\jni.cpp, line 516]
Event: 12.322 Thread 0x00000240f8386000 Exception <a 'java/io/IOException'{0x00000000ebd70db0}> (0x00000000ebd70db0) 
thrown [s\src\hotspot\share\prims\jni.cpp, line 516]
Event: 12.412 Thread 0x00000240f83817d0 Exception <a 'java/io/IOException'{0x00000000eaf03a30}> (0x00000000eaf03a30) 
thrown [s\src\hotspot\share\prims\jni.cpp, line 516]
Event: 12.412 Thread 0x00000240f83817d0 Exception <a 'java/io/IOException'{0x00000000eaf03d40}> (0x00000000eaf03d40) 
thrown [s\src\hotspot\share\prims\jni.cpp, line 516]
Event: 12.412 Thread 0x00000240f83817d0 Exception <a 'java/io/IOException'{0x00000000eaf04050}> (0x00000000eaf04050) 
thrown [s\src\hotspot\share\prims\jni.cpp, line 516]
Event: 12.412 Thread 0x00000240f83817d0 Exception <a 'java/io/IOException'{0x00000000eaf05230}> (0x00000000eaf05230) 
thrown [s\src\hotspot\share\prims\jni.cpp, line 516]
Event: 12.412 Thread 0x00000240f83817d0 Exception <a 'java/io/IOException'{0x00000000eaf05540}> (0x00000000eaf05540) 
thrown [s\src\hotspot\share\prims\jni.cpp, line 516]
Event: 12.412 Thread 0x00000240f83817d0 Exception <a 'java/io/IOException'{0x00000000eaf05850}> (0x00000000eaf05850) 
thrown [s\src\hotspot\share\prims\jni.cpp, line 516]
Event: 12.456 Thread 0x00000240f8380e30 Exception <a 'java/io/IOException'{0x00000000eb2e4928}> (0x00000000eb2e4928) 
thrown [s\src\hotspot\share\prims\jni.cpp, line 516]
Event: 12.457 Thread 0x00000240f8380e30 Exception <a 'java/io/IOException'{0x00000000eb2e4c38}> (0x00000000eb2e4c38) 
thrown [s\src\hotspot\share\prims\jni.cpp, line 516]
Event: 12.457 Thread 0x00000240f8380e30 Exception <a 'java/io/IOException'{0x00000000eb2e4f48}> (0x00000000eb2e4f48) 
thrown [s\src\hotspot\share\prims\jni.cpp, line 516]
Event: 12.457 Thread 0x00000240f8380e30 Exception <a 'java/io/IOException'{0x00000000eb2e6140}> (0x00000000eb2e6140) 
thrown [s\src\hotspot\share\prims\jni.cpp, line 516]
Event: 12.457 Thread 0x00000240f8380e30 Exception <a 'java/io/IOException'{0x00000000eb2e6450}> (0x00000000eb2e6450) 
thrown [s\src\hotspot\share\prims\jni.cpp, line 516]
Event: 12.457 Thread 0x00000240f8380e30 Exception <a 'java/io/IOException'{0x00000000eb2e6760}> (0x00000000eb2e6760) 
thrown [s\src\hotspot\share\prims\jni.cpp, line 516]

VM Operations (20 events):
Event: 8.662 Executing VM operation: ParallelGCFailedAllocation
Event: 8.663 Executing VM operation: ParallelGCFailedAllocation done
Event: 8.768 Executing VM operation: HandshakeAllThreads
Event: 8.768 Executing VM operation: HandshakeAllThreads done
Event: 8.804 Executing VM operation: HandshakeAllThreads
Event: 8.804 Executing VM operation: HandshakeAllThreads done
Event: 9.804 Executing VM operation: Cleanup
Event: 9.804 Executing VM operation: Cleanup done
Event: 10.305 Executing VM operation: HandshakeAllThreads
Event: 10.305 Executing VM operation: HandshakeAllThreads done
Event: 10.332 Executing VM operation: HandshakeAllThreads
Event: 10.332 Executing VM operation: HandshakeAllThreads done
Event: 11.333 Executing VM operation: Cleanup
Event: 11.333 Executing VM operation: Cleanup done
Event: 11.902 Executing VM operation: HandshakeAllThreads
Event: 11.902 Executing VM operation: HandshakeAllThreads done
Event: 11.922 Executing VM operation: CollectForMetadataAllocation
Event: 11.951 Executing VM operation: CollectForMetadataAllocation done
Event: 12.361 Executing VM operation: ParallelGCFailedAllocation
Event: 12.362 Executing VM operation: ParallelGCFailedAllocation done

Events (20 events):
Event: 11.919 Thread 0x00000240f8380e30 Thread exited: 0x00000240f8380e30
Event: 11.956 Thread 0x00000240f8380e30 Thread added: 0x00000240f8380e30
Event: 11.957 Thread 0x00000240f8385190 Thread added: 0x00000240f8385190
Event: 11.966 Thread 0x00000240f8381300 Thread added: 0x00000240f8381300
Event: 12.003 Thread 0x00000240f8382170 Thread added: 0x00000240f8382170
Event: 12.008 Thread 0x00000240f8382640 Thread added: 0x00000240f8382640
Event: 12.008 Thread 0x00000240f723ae70 Thread added: 0x00000240f723ae70
Event: 12.008 Thread 0x00000240f8382640 Thread exited: 0x00000240f8382640
Event: 12.043 Thread 0x00000240f8382170 Thread exited: 0x00000240f8382170
Event: 12.043 Thread 0x00000240f723ae70 Thread exited: 0x00000240f723ae70
Event: 12.043 Thread 0x00000240f8381300 Thread exited: 0x00000240f8381300
Event: 12.044 Thread 0x00000240f8385190 Thread exited: 0x00000240f8385190
Event: 12.054 Thread 0x00000240f723ae70 Thread added: 0x00000240f723ae70
Event: 12.413 Thread 0x00000240f8381300 Thread added: 0x00000240f8381300
Event: 12.414 Thread 0x00000240f8385190 Thread added: 0x00000240f8385190
Event: 12.427 Thread 0x00000240f8382170 Thread added: 0x00000240f8382170
Event: 12.461 Thread 0x00000240f8382640 Thread added: 0x00000240f8382640
Event: 12.467 Thread 0x00000240f8bcee60 Thread added: 0x00000240f8bcee60
Event: 12.467 Thread 0x00000240f8bd0b40 Thread added: 0x00000240f8bd0b40
Event: 12.467 Thread 0x00000240f8bcee60 Thread exited: 0x00000240f8bcee60


Dynamic libraries:
0x00007ff6f0e30000 - 0x00007ff6f0e3e000 	c:\Users\Yeshwanth C\.vscode\extensions\redhat.java-1.16.0-win32-x64\jre\17.0.6-win32-x86_64\bin\java.exe
0x00007ffc1a170000 - 0x00007ffc1a384000 	C:\WINDOWS\SYSTEM32\ntdll.dll
0x00007ffc190c0000 - 0x00007ffc19182000 	C:\WINDOWS\System32\KERNEL32.DLL
0x00007ffc17840000 - 0x00007ffc17be3000 	C:\WINDOWS\System32\KERNELBASE.dll
0x00007ffc17660000 - 0x00007ffc17771000 	C:\WINDOWS\System32\ucrtbase.dll
0x00007ffc0c510000 - 0x00007ffc0c529000 	c:\Users\Yeshwanth C\.vscode\extensions\redhat.java-1.16.0-win32-x64\jre\17.0.6-win32-x86_64\bin\VCRUNTIME140.dll
0x00007ffc0c4f0000 - 0x00007ffc0c507000 	c:\Users\Yeshwanth C\.vscode\extensions\redhat.java-1.16.0-win32-x64\jre\17.0.6-win32-x86_64\bin\jli.dll
0x00007ffc18990000 - 0x00007ffc18b3b000 	C:\WINDOWS\System32\USER32.dll
0x00007ffc06560000 - 0x00007ffc067ee000 	C:\WINDOWS\WinSxS\amd64_microsoft.windows.common-controls_6595b64144ccf1df_6.0.22621.1635_none_270f70857386168e\COMCTL32.dll
0x00007ffc17630000 - 0x00007ffc17656000 	C:\WINDOWS\System32\win32u.dll
0x00007ffc19500000 - 0x00007ffc19529000 	C:\WINDOWS\System32\GDI32.dll
0x00007ffc19350000 - 0x00007ffc193f7000 	C:\WINDOWS\System32\msvcrt.dll
0x00007ffc17e50000 - 0x00007ffc17f68000 	C:\WINDOWS\System32\gdi32full.dll
0x00007ffc17590000 - 0x00007ffc1762a000 	C:\WINDOWS\System32\msvcp_win.dll
0x00007ffc19310000 - 0x00007ffc19341000 	C:\WINDOWS\System32\IMM32.DLL
0x00007ffc125b0000 - 0x00007ffc125bc000 	c:\Users\Yeshwanth C\.vscode\extensions\redhat.java-1.16.0-win32-x64\jre\17.0.6-win32-x86_64\bin\vcruntime140_1.dll
0x00007ffc06a00000 - 0x00007ffc06a91000 	c:\Users\Yeshwanth C\.vscode\extensions\redhat.java-1.16.0-win32-x64\jre\17.0.6-win32-x86_64\bin\msvcp140.dll
0x00007ffbd39a0000 - 0x00007ffbd45e7000 	c:\Users\Yeshwanth C\.vscode\extensions\redhat.java-1.16.0-win32-x64\jre\17.0.6-win32-x86_64\bin\server\jvm.dll
0x00007ffc18e90000 - 0x00007ffc18f3e000 	C:\WINDOWS\System32\ADVAPI32.dll
0x00007ffc18d80000 - 0x00007ffc18e24000 	C:\WINDOWS\System32\sechost.dll
0x00007ffc191f0000 - 0x00007ffc19307000 	C:\WINDOWS\System32\RPCRT4.dll
0x00007ffbb01e0000 - 0x00007ffbb01e9000 	C:\WINDOWS\SYSTEM32\WSOCK32.dll
0x00007ffc0fd50000 - 0x00007ffc0fd84000 	C:\WINDOWS\SYSTEM32\WINMM.dll
0x00007ffc18f40000 - 0x00007ffc18fb1000 	C:\WINDOWS\System32\WS2_32.dll
0x00007ffc10980000 - 0x00007ffc1098a000 	C:\WINDOWS\SYSTEM32\VERSION.dll
0x00007ffc165e0000 - 0x00007ffc165f8000 	C:\WINDOWS\SYSTEM32\kernel.appcore.dll
0x00007ffc0f770000 - 0x00007ffc0f77a000 	c:\Users\Yeshwanth C\.vscode\extensions\redhat.java-1.16.0-win32-x64\jre\17.0.6-win32-x86_64\bin\jimage.dll
0x00007ffc15040000 - 0x00007ffc1526e000 	C:\WINDOWS\SYSTEM32\DBGHELP.DLL
0x00007ffc199d0000 - 0x00007ffc19d59000 	C:\WINDOWS\System32\combase.dll
0x00007ffc19d60000 - 0x00007ffc19e37000 	C:\WINDOWS\System32\OLEAUT32.dll
0x00007ffbf8060000 - 0x00007ffbf8092000 	C:\WINDOWS\SYSTEM32\dbgcore.DLL
0x00007ffc17dd0000 - 0x00007ffc17e4b000 	C:\WINDOWS\System32\bcryptPrimitives.dll
0x00007ffc0c4e0000 - 0x00007ffc0c4ee000 	c:\Users\Yeshwanth C\.vscode\extensions\redhat.java-1.16.0-win32-x64\jre\17.0.6-win32-x86_64\bin\instrument.dll
0x00007ffc061c0000 - 0x00007ffc061e5000 	c:\Users\Yeshwanth C\.vscode\extensions\redhat.java-1.16.0-win32-x64\jre\17.0.6-win32-x86_64\bin\java.dll
0x00007ffc061a0000 - 0x00007ffc061b8000 	c:\Users\Yeshwanth C\.vscode\extensions\redhat.java-1.16.0-win32-x64\jre\17.0.6-win32-x86_64\bin\zip.dll
0x00007ffc17f90000 - 0x00007ffc1878a000 	C:\WINDOWS\System32\SHELL32.dll
0x00007ffc15590000 - 0x00007ffc15e5e000 	C:\WINDOWS\SYSTEM32\windows.storage.dll
0x00007ffc15450000 - 0x00007ffc1558e000 	C:\WINDOWS\SYSTEM32\wintypes.dll
0x00007ffc18fc0000 - 0x00007ffc190b1000 	C:\WINDOWS\System32\SHCORE.dll
0x00007ffc18e30000 - 0x00007ffc18e8e000 	C:\WINDOWS\System32\shlwapi.dll
0x00007ffc174c0000 - 0x00007ffc174e1000 	C:\WINDOWS\SYSTEM32\profapi.dll
0x00007ffc06180000 - 0x00007ffc06199000 	C:\Users\Yeshwanth C\.vscode\extensions\redhat.java-1.16.0-win32-x64\jre\17.0.6-win32-x86_64\bin\net.dll
0x00007ffc0ff20000 - 0x00007ffc10057000 	C:\WINDOWS\SYSTEM32\WINHTTP.dll
0x00007ffc16a50000 - 0x00007ffc16ab9000 	C:\WINDOWS\system32\mswsock.dll
0x00007ffc06160000 - 0x00007ffc06175000 	C:\Users\Yeshwanth C\.vscode\extensions\redhat.java-1.16.0-win32-x64\jre\17.0.6-win32-x86_64\bin\nio.dll
0x00007ffc125d0000 - 0x00007ffc125e0000 	c:\Users\Yeshwanth C\.vscode\extensions\redhat.java-1.16.0-win32-x64\jre\17.0.6-win32-x86_64\bin\verify.dll
0x00007ffc055f0000 - 0x00007ffc0562e000 	C:\Users\Yeshwanth C\AppData\Roaming\Code\User\globalStorage\redhat.java\1.16.0\config_win\org.eclipse.equinox.launcher\org.eclipse.equinox.launcher.win32.win32.x86_64_1.2.700.v20221108-1024\eclipse_11801.dll
0x00007ffc19e60000 - 0x00007ffc19ffc000 	C:\WINDOWS\System32\ole32.dll
0x00007ffc16cb0000 - 0x00007ffc16ccb000 	C:\WINDOWS\SYSTEM32\CRYPTSP.dll
0x00007ffc16550000 - 0x00007ffc16585000 	C:\WINDOWS\system32\rsaenh.dll
0x00007ffc16b50000 - 0x00007ffc16b78000 	C:\WINDOWS\SYSTEM32\USERENV.dll
0x00007ffc16ec0000 - 0x00007ffc16ee8000 	C:\WINDOWS\SYSTEM32\bcrypt.dll
0x00007ffc16cd0000 - 0x00007ffc16cdc000 	C:\WINDOWS\SYSTEM32\CRYPTBASE.dll
0x00007ffc160c0000 - 0x00007ffc160ed000 	C:\WINDOWS\SYSTEM32\IPHLPAPI.DLL
0x00007ffc19190000 - 0x00007ffc19199000 	C:\WINDOWS\System32\NSI.dll
0x00007ffc10990000 - 0x00007ffc109a9000 	C:\WINDOWS\SYSTEM32\dhcpcsvc6.DLL
0x00007ffc0ff00000 - 0x00007ffc0ff1f000 	C:\WINDOWS\SYSTEM32\dhcpcsvc.DLL
0x00007ffc16130000 - 0x00007ffc16223000 	C:\WINDOWS\SYSTEM32\DNSAPI.dll
0x00007ffc05c00000 - 0x00007ffc05c45000 	C:\Users\Yeshwanth C\AppData\Local\Temp\jna-897834202\jna10990938967721038665.dll
0x00007ffc19530000 - 0x00007ffc19538000 	C:\WINDOWS\System32\PSAPI.DLL
0x00007ffbe3de0000 - 0x00007ffbe3e07000 	C:\Users\Yeshwanth C\.gradle\native\f6784746aeab05261644944871eae4fe03e0ef1612fff0a4a95f87b438bc6780\windows-amd64\native-platform.dll
0x00007ffc125c0000 - 0x00007ffc125c9000 	C:\Users\Yeshwanth C\.vscode\extensions\redhat.java-1.16.0-win32-x64\jre\17.0.6-win32-x86_64\bin\management.dll
0x00007ffc06c40000 - 0x00007ffc06c4b000 	C:\Users\Yeshwanth C\.vscode\extensions\redhat.java-1.16.0-win32-x64\jre\17.0.6-win32-x86_64\bin\management_ext.dll
0x00007ffc147e0000 - 0x00007ffc147ed000 	C:\WINDOWS\SYSTEM32\WINNSI.DLL
0x00007ffc05e30000 - 0x00007ffc05e3e000 	C:\Users\Yeshwanth C\.vscode\extensions\redhat.java-1.16.0-win32-x64\jre\17.0.6-win32-x86_64\bin\sunmscapi.dll
0x00007ffc17bf0000 - 0x00007ffc17d57000 	C:\WINDOWS\System32\CRYPT32.dll
0x00007ffc16e90000 - 0x00007ffc16ebe000 	C:\WINDOWS\SYSTEM32\ncrypt.dll
0x00007ffc16e50000 - 0x00007ffc16e87000 	C:\WINDOWS\SYSTEM32\NTASN1.dll
0x00007ffbee3c0000 - 0x00007ffbee3c8000 	C:\WINDOWS\system32\wshunix.dll

dbghelp: loaded successfully - version: 4.0.5 - missing functions: none
symbol engine: initialized successfully - sym options: 0x614 - pdb path: .;c:\Users\Yeshwanth C\.vscode\extensions\redhat.java-1.16.0-win32-x64\jre\17.0.6-win32-x86_64\bin;C:\WINDOWS\SYSTEM32;C:\WINDOWS\WinSxS\amd64_microsoft.windows.common-controls_6595b64144ccf1df_6.0.22621.1635_none_270f70857386168e;c:\Users\Yeshwanth C\.vscode\extensions\redhat.java-1.16.0-win32-x64\jre\17.0.6-win32-x86_64\bin\server;C:\Users\Yeshwanth C\AppData\Roaming\Code\User\globalStorage\redhat.java\1.16.0\config_win\org.eclipse.equinox.launcher\org.eclipse.equinox.launcher.win32.win32.x86_64_1.2.700.v20221108-1024;C:\Users\Yeshwanth C\AppData\Local\Temp\jna-897834202;C:\Users\Yeshwanth C\.gradle\native\f6784746aeab05261644944871eae4fe03e0ef1612fff0a4a95f87b438bc6780\windows-amd64

VM Arguments:
jvm_args: --add-modules=ALL-SYSTEM --add-opens=java.base/java.util=ALL-UNNAMED --add-opens=java.base/java.lang=ALL-UNNAMED --add-opens=java.base/sun.nio.fs=ALL-UNNAMED -Declipse.application=org.eclipse.jdt.ls.core.id1 -Dosgi.bundles.defaultStartLevel=4 -Declipse.product=org.eclipse.jdt.ls.core.product -Djava.import.generatesMetadataFilesAtProjectRoot=false -Dfile.encoding=utf8 -XX:+UseParallelGC -XX:GCTimeRatio=4 -XX:AdaptiveSizePolicyWeight=90 -Dsun.zip.disableMemoryMapping=true -Xmx1G -Xms100m -Xlog:disable -javaagent:c:\Users\Yeshwanth C\.vscode\extensions\redhat.java-1.16.0-win32-x64\lombok\lombok-1.18.24.jar -XX:+HeapDumpOnOutOfMemoryError -XX:HeapDumpPath=c:\Users\Yeshwanth C\AppData\Roaming\Code\User\workspaceStorage\3cd495fc0028023cd6d975b24d42a50f\redhat.java 
java_command: c:\Users\Yeshwanth C\.vscode\extensions\redhat.java-1.16.0-win32-x64\server\plugins\org.eclipse.equinox.launcher_1.6.400.v20210924-0641.jar -configuration c:\Users\Yeshwanth C\AppData\Roaming\Code\User\globalStorage\redhat.java\1.16.0\config_win -data c:\Users\Yeshwanth C\AppData\Roaming\Code\User\workspaceStorage\3cd495fc0028023cd6d975b24d42a50f\redhat.java\jdt_ws
java_class_path (initial): c:\Users\Yeshwanth C\.vscode\extensions\redhat.java-1.16.0-win32-x64\server\plugins\org.eclipse.equinox.launcher_1.6.400.v20210924-0641.jar
Launcher Type: SUN_STANDARD

[Global flags]
    uintx AdaptiveSizePolicyWeight                 = 90                                        {product} {command line}
     intx CICompilerCount                          = 4                                         {product} {ergonomic}
    uintx GCTimeRatio                              = 4                                         {product} {command line}
     bool HeapDumpOnOutOfMemoryError               = true                                   {manageable} {command line}
    ccstr HeapDumpPath                             = c:\Users\Yeshwanth C\AppData\Roaming\Code\User\workspaceStorage\3cd495fc0028023cd6d975b24d42a50f\redhat.java         {manageable} {command line}
   size_t InitialHeapSize                          = 104857600                                 {product} {command line}
   size_t MaxHeapSize                              = 1073741824                                {product} {command line}
   size_t MaxNewSize                               = 357564416                                 {product} {ergonomic}
   size_t MinHeapDeltaBytes                        = 524288                                    {product} {ergonomic}
   size_t MinHeapSize                              = 104857600                                 {product} {command line}
   size_t NewSize                                  = 34603008                                  {product} {ergonomic}
    uintx NonNMethodCodeHeapSize                   = 5839372                                {pd product} {ergonomic}
    uintx NonProfiledCodeHeapSize                  = 122909434                              {pd product} {ergonomic}
   size_t OldSize                                  = 70254592                                  {product} {ergonomic}
    uintx ProfiledCodeHeapSize                     = 122909434                              {pd product} {ergonomic}
    uintx ReservedCodeCacheSize                    = 251658240                              {pd product} {ergonomic}
     bool SegmentedCodeCache                       = true                                      {product} {ergonomic}
   size_t SoftMaxHeapSize                          = 1073741824                             {manageable} {ergonomic}
     bool UseCompressedClassPointers               = true                           {product lp64_product} {ergonomic}
     bool UseCompressedOops                        = true                           {product lp64_product} {ergonomic}
     bool UseLargePagesIndividualAllocation        = false                                  {pd product} {ergonomic}
     bool UseParallelGC                            = true                                      {product} {command line}

Logging:
Log output configuration:
 #0: stdout all=off uptime,level,tags
 #1: stderr all=off uptime,level,tags

Environment Variables:
PATH=C:\Program Files\Common Files\Oracle\Java\javapath;C:\ProgramData\Oracle\Java\javapath;C:\Windows\system32;C:\Windows;C:\Windows\System32\Wbem;C:\Windows\System32\WindowsPowerShell\v1.0\;C:\Windows\System32\OpenSSH\;C:\Program Files (x86)\NVIDIA Corporation\PhysX\Common;C:\Program Files\NVIDIA Corporation\NVIDIA NvDLISR;C:\WINDOWS\system32;C:\WINDOWS;C:\WINDOWS\System32\Wbem;C:\WINDOWS\System32\WindowsPowerShell\v1.0\;C:\WINDOWS\System32\OpenSSH\;C:\MinGW\bin;C:\Users\Yeshwanth C\AppData\Local\Programs\Python;C:\Program Files\MySQL\MySQL Server 8.0\bin;D:\Git\cmd;C:\Users\Yeshwanth C\AppData\Local\Programs\Python\Python310\Scripts\;C:\Users\Yeshwanth C\AppData\Local\Programs\Python\Python310\;C:\Users\Yeshwanth C\AppData\Local\Microsoft\WindowsApps;D:\Microsoft VS Code\bin;
USERNAME=Yeshwanth C
OS=Windows_NT
PROCESSOR_IDENTIFIER=AMD64 Family 23 Model 96 Stepping 1, AuthenticAMD
TMP=C:\Users\YESHWA~1\AppData\Local\Temp
TEMP=C:\Users\YESHWA~1\AppData\Local\Temp



---------------  S Y S T E M  ---------------

OS:
 Windows 11 , 64 bit Build 22621 (10.0.22621.1635)
OS uptime: 0 days 0:15 hours

CPU: total 12 (initial active 12) (12 cores per cpu, 2 threads per core) family 23 model 96 stepping 1 microcode 0x0, cx8, cmov, fxsr, ht, mmx, 3dnowpref, sse, sse2, sse3, ssse3, sse4a, sse4.1, sse4.2, popcnt, lzcnt, tsc, tscinvbit, avx, avx2, aes, clmul, bmi1, bmi2, adx, sha, fma, vzeroupper, clflush, clflushopt

Memory: 4k page, system-wide physical 7549M (221M free)
TotalPageFile size 31101M (AvailPageFile size 6M)
current process WorkingSet (physical memory assigned to process): 222M, peak: 240M
current process commit charge ("private bytes"): 307M, peak: 327M

vm_info: OpenJDK 64-Bit Server VM (17.0.6+10) for windows-amd64 JRE (17.0.6+10), built on Jan 18 2023 10:08:59 by "temurin" with MS VC++ 16.7 (VS2019)

END.
